<?xml version="1.0" encoding="UTF-8"?>
<testsuite xmlns:xsi="http://www.w3.org/2001/XMLSchema-instance" xsi:noNamespaceSchemaLocation="https://maven.apache.org/surefire/maven-surefire-plugin/xsd/surefire-test-report.xsd" name="TestSuite" time="3.278" tests="9" errors="0" skipped="0" failures="9">
  <properties>
[...]
</properties>
  <testcase name="runScenario" classname="testrunner.TestRunner" time="0.611">
    <failure message="Failed to instantiate class stepdefinition.DSalgoSignInStepDefinition" type="io.cucumber.core.exception.CucumberException">io.cucumber.core.exception.CucumberException: Failed to instantiate class stepdefinition.DSalgoSignInStepDefinition
Caused by: java.lang.reflect.InvocationTargetException
Caused by: java.lang.IllegalArgumentException: Input must be set
</failure>
    <system-out><![CDATA[
@regression
Scenario: Verify if user able to direct to "Graph" Page                                  &amp#27;[90m# src/test/resources/features/06_Graph.feature:12&amp#27;[0m
  &amp#27;[31mGiven &amp#27;[0m&amp#27;[31mThe user is on the DS Algo SignIn Page&amp#27;[0m                                           &amp#27;[90m# stepdefinition.DSalgoSignInStepDefinition.the_user_is_on_the_ds_algo_sign_in_page()&amp#27;[0m
      &amp#27;[31mio.cucumber.core.exception.CucumberException: Failed to instantiate class stepdefinition.DSalgoSignInStepDefinition
	at io.cucumber.core.backend.DefaultObjectFactory.cacheNewInstance(DefaultObjectFactory.java:67)
	at io.cucumber.core.backend.DefaultObjectFactory.getInstance(DefaultObjectFactory.java:45)
	at io.cucumber.java.AbstractGlueDefinition.invokeMethod(AbstractGlueDefinition.java:47)
	at io.cucumber.java.JavaStepDefinition.execute(JavaStepDefinition.java:29)
	at io.cucumber.core.runner.CoreStepDefinition.execute(CoreStepDefinition.java:66)
	at io.cucumber.core.runner.PickleStepDefinitionMatch.runStep(PickleStepDefinitionMatch.java:63)
	at io.cucumber.core.runner.ExecutionMode$1.execute(ExecutionMode.java:10)
	at io.cucumber.core.runner.TestStep.executeStep(TestStep.java:84)
	at io.cucumber.core.runner.TestStep.run(TestStep.java:56)
	at io.cucumber.core.runner.PickleStepTestStep.run(PickleStepTestStep.java:51)
	at io.cucumber.core.runner.TestCase.run(TestCase.java:84)
	at io.cucumber.core.runner.Runner.runPickle(Runner.java:75)
	at io.cucumber.testng.TestNGCucumberRunner.lambda$runScenario$1(TestNGCucumberRunner.java:132)
	at io.cucumber.core.runtime.CucumberExecutionContext.lambda$runTestCase$5(CucumberExecutionContext.java:137)
	at io.cucumber.core.runtime.RethrowingThrowableCollector.executeAndThrow(RethrowingThrowableCollector.java:23)
	at io.cucumber.core.runtime.CucumberExecutionContext.runTestCase(CucumberExecutionContext.java:137)
	at io.cucumber.testng.TestNGCucumberRunner.runScenario(TestNGCucumberRunner.java:129)
	at io.cucumber.testng.AbstractTestNGCucumberTests.runScenario(AbstractTestNGCucumberTests.java:35)
	at java.base/jdk.internal.reflect.NativeMethodAccessorImpl.invoke0(Native Method)
	at java.base/jdk.internal.reflect.NativeMethodAccessorImpl.invoke(NativeMethodAccessorImpl.java:77)
	at java.base/jdk.internal.reflect.DelegatingMethodAccessorImpl.invoke(DelegatingMethodAccessorImpl.java:43)
	at java.base/java.lang.reflect.Method.invoke(Method.java:568)
	at org.testng.internal.invokers.MethodInvocationHelper.invokeMethod(MethodInvocationHelper.java:139)
	at org.testng.internal.invokers.TestInvoker.invokeMethod(TestInvoker.java:664)
	at org.testng.internal.invokers.TestInvoker.invokeTestMethod(TestInvoker.java:227)
	at org.testng.internal.invokers.MethodRunner.runInSequence(MethodRunner.java:50)
	at org.testng.internal.invokers.TestInvoker$MethodInvocationAgent.invoke(TestInvoker.java:957)
	at org.testng.internal.invokers.TestInvoker.invokeTestMethods(TestInvoker.java:200)
	at org.testng.internal.invokers.TestMethodWorker.invokeTestMethods(TestMethodWorker.java:148)
	at org.testng.internal.invokers.TestMethodWorker.run(TestMethodWorker.java:128)
	at java.base/java.util.ArrayList.forEach(ArrayList.java:1511)
	at org.testng.TestRunner.privateRun(TestRunner.java:848)
	at org.testng.TestRunner.run(TestRunner.java:621)
	at org.testng.SuiteRunner.runTest(SuiteRunner.java:443)
	at org.testng.SuiteRunner.runSequentially(SuiteRunner.java:437)
	at org.testng.SuiteRunner.privateRun(SuiteRunner.java:397)
	at org.testng.SuiteRunner.run(SuiteRunner.java:336)
	at org.testng.SuiteRunnerWorker.runSuite(SuiteRunnerWorker.java:52)
	at org.testng.SuiteRunnerWorker.run(SuiteRunnerWorker.java:95)
	at org.testng.TestNG.runSuitesSequentially(TestNG.java:1280)
	at org.testng.TestNG.runSuitesLocally(TestNG.java:1200)
	at org.testng.TestNG.runSuites(TestNG.java:1114)
	at org.testng.TestNG.run(TestNG.java:1082)
	at org.apache.maven.surefire.testng.TestNGExecutor.run(TestNGExecutor.java:135)
	at org.apache.maven.surefire.testng.TestNGDirectoryTestSuite.executeMulti(TestNGDirectoryTestSuite.java:193)
	at org.apache.maven.surefire.testng.TestNGDirectoryTestSuite.execute(TestNGDirectoryTestSuite.java:94)
	at org.apache.maven.surefire.testng.TestNGProvider.invoke(TestNGProvider.java:146)
	at org.apache.maven.surefire.booter.ForkedBooter.invokeProviderInSameClassLoader(ForkedBooter.java:384)
	at org.apache.maven.surefire.booter.ForkedBooter.runSuitesInProcess(ForkedBooter.java:345)
	at org.apache.maven.surefire.booter.ForkedBooter.execute(ForkedBooter.java:126)
	at org.apache.maven.surefire.booter.ForkedBooter.main(ForkedBooter.java:418)
Caused by: java.lang.reflect.InvocationTargetException
	at java.base/jdk.internal.reflect.NativeConstructorAccessorImpl.newInstance0(Native Method)
	at java.base/jdk.internal.reflect.NativeConstructorAccessorImpl.newInstance(NativeConstructorAccessorImpl.java:77)
	at java.base/jdk.internal.reflect.DelegatingConstructorAccessorImpl.newInstance(DelegatingConstructorAccessorImpl.java:45)
	at java.base/java.lang.reflect.Constructor.newInstanceWithCaller(Constructor.java:499)
	at java.base/java.lang.reflect.Constructor.newInstance(Constructor.java:480)
	at io.cucumber.core.backend.DefaultObjectFactory.cacheNewInstance(DefaultObjectFactory.java:53)
	... 50 more
Caused by: java.lang.IllegalArgumentException: Input must be set
	at org.openqa.selenium.internal.Require.nonNull(Require.java:60)
	at org.openqa.selenium.support.ui.FluentWait.<init>(FluentWait.java:93)
	at org.openqa.selenium.support.ui.WebDriverWait.<init>(WebDriverWait.java:74)
	at org.openqa.selenium.support.ui.WebDriverWait.<init>(WebDriverWait.java:43)
	at dsalgoPOM.HomePage.<init>(HomePage.java:31)
	at stepdefinition.DSalgoSignInStepDefinition.<init>(DSalgoSignInStepDefinition.java:34)
	... 56 more
&amp#27;[0m
  &amp#27;[36mWhen &amp#27;[0m&amp#27;[36mThe user clicks login button after entering valid &amp#27;[0m&amp#27;[36m&amp#27;[1m"username"&amp#27;[0m&amp#27;[36m and valid &amp#27;[0m&amp#27;[36m&amp#27;[1m"password"&amp#27;[0m &amp#27;[90m# stepdefinition.DSalgoSignInStepDefinition.the_user_clicks_login_button_after_entering_valid_and_valid(java.lang.String,java.lang.String)&amp#27;[0m
  &amp#27;[36mThen &amp#27;[0m&amp#27;[36mThe user should land in Data Structure Home Page&amp#27;[0m                                  &amp#27;[90m# stepdefinition.DSalgoSignInStepDefinition.the_user_should_land_in_data_structure_home_page()&amp#27;[0m
  &amp#27;[36mGiven &amp#27;[0m&amp#27;[36mThe user is in the Graph page after logged in&amp#27;[0m                                    &amp#27;[90m# stepdefinition.DSalgoGraphStepDefinition.the_user_is_in_the_graph_page_after_logged_in()&amp#27;[0m
  &amp#27;[36mWhen &amp#27;[0m&amp#27;[36mThe user clicks Graph link in Topics covered section&amp#27;[0m                              &amp#27;[90m# stepdefinition.DSalgoGraphStepDefinition.the_user_clicks_graph_link_in_topics_covered_section()&amp#27;[0m
  &amp#27;[36mThen &amp#27;[0m&amp#27;[36mThe user should be directed to Graph Page&amp#27;[0m                                         &amp#27;[90m# stepdefinition.DSalgoGraphStepDefinition.the_user_should_be_directed_to_graph_page()&amp#27;[0m
]]></system-out>
    <system-err><![CDATA[SLF4J: No SLF4J providers were found.
SLF4J: Defaulting to no-operation (NOP) logger implementation
SLF4J: See https://www.slf4j.org/codes.html#noProviders for further details.
]]></system-err>
  </testcase>
  <testcase name="runScenario" classname="testrunner.TestRunner" time="0.068">
    <failure message="Failed to instantiate class stepdefinition.DSalgoSignInStepDefinition" type="io.cucumber.core.exception.CucumberException">io.cucumber.core.exception.CucumberException: Failed to instantiate class stepdefinition.DSalgoSignInStepDefinition
Caused by: java.lang.reflect.InvocationTargetException
Caused by: java.lang.IllegalArgumentException: Input must be set
</failure>
    <system-out><![CDATA[
@regression
Scenario: Verify if user able to redirect to a page having an tryEditor with a Run button to test  &amp#27;[90m# src/test/resources/features/06_Graph.feature:17&amp#27;[0m
  &amp#27;[31mGiven &amp#27;[0m&amp#27;[31mThe user is on the DS Algo SignIn Page&amp#27;[0m                                                     &amp#27;[90m# stepdefinition.DSalgoSignInStepDefinition.the_user_is_on_the_ds_algo_sign_in_page()&amp#27;[0m
      &amp#27;[31mio.cucumber.core.exception.CucumberException: Failed to instantiate class stepdefinition.DSalgoSignInStepDefinition
	at io.cucumber.core.backend.DefaultObjectFactory.cacheNewInstance(DefaultObjectFactory.java:67)
	at io.cucumber.core.backend.DefaultObjectFactory.getInstance(DefaultObjectFactory.java:45)
	at io.cucumber.java.AbstractGlueDefinition.invokeMethod(AbstractGlueDefinition.java:47)
	at io.cucumber.java.JavaStepDefinition.execute(JavaStepDefinition.java:29)
	at io.cucumber.core.runner.CoreStepDefinition.execute(CoreStepDefinition.java:66)
	at io.cucumber.core.runner.PickleStepDefinitionMatch.runStep(PickleStepDefinitionMatch.java:63)
	at io.cucumber.core.runner.ExecutionMode$1.execute(ExecutionMode.java:10)
	at io.cucumber.core.runner.TestStep.executeStep(TestStep.java:84)
	at io.cucumber.core.runner.TestStep.run(TestStep.java:56)
	at io.cucumber.core.runner.PickleStepTestStep.run(PickleStepTestStep.java:51)
	at io.cucumber.core.runner.TestCase.run(TestCase.java:84)
	at io.cucumber.core.runner.Runner.runPickle(Runner.java:75)
	at io.cucumber.testng.TestNGCucumberRunner.lambda$runScenario$1(TestNGCucumberRunner.java:132)
	at io.cucumber.core.runtime.CucumberExecutionContext.lambda$runTestCase$5(CucumberExecutionContext.java:137)
	at io.cucumber.core.runtime.RethrowingThrowableCollector.executeAndThrow(RethrowingThrowableCollector.java:23)
	at io.cucumber.core.runtime.CucumberExecutionContext.runTestCase(CucumberExecutionContext.java:137)
	at io.cucumber.testng.TestNGCucumberRunner.runScenario(TestNGCucumberRunner.java:129)
	at io.cucumber.testng.AbstractTestNGCucumberTests.runScenario(AbstractTestNGCucumberTests.java:35)
	at java.base/jdk.internal.reflect.NativeMethodAccessorImpl.invoke0(Native Method)
	at java.base/jdk.internal.reflect.NativeMethodAccessorImpl.invoke(NativeMethodAccessorImpl.java:77)
	at java.base/jdk.internal.reflect.DelegatingMethodAccessorImpl.invoke(DelegatingMethodAccessorImpl.java:43)
	at java.base/java.lang.reflect.Method.invoke(Method.java:568)
	at org.testng.internal.invokers.MethodInvocationHelper.invokeMethod(MethodInvocationHelper.java:139)
	at org.testng.internal.invokers.TestInvoker.invokeMethod(TestInvoker.java:664)
	at org.testng.internal.invokers.TestInvoker.invokeTestMethod(TestInvoker.java:227)
	at org.testng.internal.invokers.MethodRunner.runInSequence(MethodRunner.java:50)
	at org.testng.internal.invokers.TestInvoker$MethodInvocationAgent.invoke(TestInvoker.java:957)
	at org.testng.internal.invokers.TestInvoker.invokeTestMethods(TestInvoker.java:200)
	at org.testng.internal.invokers.TestMethodWorker.invokeTestMethods(TestMethodWorker.java:148)
	at org.testng.internal.invokers.TestMethodWorker.run(TestMethodWorker.java:128)
	at java.base/java.util.ArrayList.forEach(ArrayList.java:1511)
	at org.testng.TestRunner.privateRun(TestRunner.java:848)
	at org.testng.TestRunner.run(TestRunner.java:621)
	at org.testng.SuiteRunner.runTest(SuiteRunner.java:443)
	at org.testng.SuiteRunner.runSequentially(SuiteRunner.java:437)
	at org.testng.SuiteRunner.privateRun(SuiteRunner.java:397)
	at org.testng.SuiteRunner.run(SuiteRunner.java:336)
	at org.testng.SuiteRunnerWorker.runSuite(SuiteRunnerWorker.java:52)
	at org.testng.SuiteRunnerWorker.run(SuiteRunnerWorker.java:95)
	at org.testng.TestNG.runSuitesSequentially(TestNG.java:1280)
	at org.testng.TestNG.runSuitesLocally(TestNG.java:1200)
	at org.testng.TestNG.runSuites(TestNG.java:1114)
	at org.testng.TestNG.run(TestNG.java:1082)
	at org.apache.maven.surefire.testng.TestNGExecutor.run(TestNGExecutor.java:135)
	at org.apache.maven.surefire.testng.TestNGDirectoryTestSuite.executeMulti(TestNGDirectoryTestSuite.java:193)
	at org.apache.maven.surefire.testng.TestNGDirectoryTestSuite.execute(TestNGDirectoryTestSuite.java:94)
	at org.apache.maven.surefire.testng.TestNGProvider.invoke(TestNGProvider.java:146)
	at org.apache.maven.surefire.booter.ForkedBooter.invokeProviderInSameClassLoader(ForkedBooter.java:384)
	at org.apache.maven.surefire.booter.ForkedBooter.runSuitesInProcess(ForkedBooter.java:345)
	at org.apache.maven.surefire.booter.ForkedBooter.execute(ForkedBooter.java:126)
	at org.apache.maven.surefire.booter.ForkedBooter.main(ForkedBooter.java:418)
Caused by: java.lang.reflect.InvocationTargetException
	at java.base/jdk.internal.reflect.NativeConstructorAccessorImpl.newInstance0(Native Method)
	at java.base/jdk.internal.reflect.NativeConstructorAccessorImpl.newInstance(NativeConstructorAccessorImpl.java:77)
	at java.base/jdk.internal.reflect.DelegatingConstructorAccessorImpl.newInstance(DelegatingConstructorAccessorImpl.java:45)
	at java.base/java.lang.reflect.Constructor.newInstanceWithCaller(Constructor.java:499)
	at java.base/java.lang.reflect.Constructor.newInstance(Constructor.java:480)
	at io.cucumber.core.backend.DefaultObjectFactory.cacheNewInstance(DefaultObjectFactory.java:53)
	... 50 more
Caused by: java.lang.IllegalArgumentException: Input must be set
	at org.openqa.selenium.internal.Require.nonNull(Require.java:60)
	at org.openqa.selenium.support.ui.FluentWait.<init>(FluentWait.java:93)
	at org.openqa.selenium.support.ui.WebDriverWait.<init>(WebDriverWait.java:74)
	at org.openqa.selenium.support.ui.WebDriverWait.<init>(WebDriverWait.java:43)
	at dsalgoPOM.HomePage.<init>(HomePage.java:31)
	at stepdefinition.DSalgoSignInStepDefinition.<init>(DSalgoSignInStepDefinition.java:34)
	... 56 more
&amp#27;[0m
  &amp#27;[36mWhen &amp#27;[0m&amp#27;[36mThe user clicks login button after entering valid &amp#27;[0m&amp#27;[36m&amp#27;[1m"username"&amp#27;[0m&amp#27;[36m and valid &amp#27;[0m&amp#27;[36m&amp#27;[1m"password"&amp#27;[0m           &amp#27;[90m# stepdefinition.DSalgoSignInStepDefinition.the_user_clicks_login_button_after_entering_valid_and_valid(java.lang.String,java.lang.String)&amp#27;[0m
  &amp#27;[36mThen &amp#27;[0m&amp#27;[36mThe user should land in Data Structure Home Page&amp#27;[0m                                            &amp#27;[90m# stepdefinition.DSalgoSignInStepDefinition.the_user_should_land_in_data_structure_home_page()&amp#27;[0m
  &amp#27;[36mGiven &amp#27;[0m&amp#27;[36mThe user is in the Graph page&amp#27;[0m                                                              &amp#27;[90m# stepdefinition.DSalgoGraphStepDefinition.the_user_is_in_the_graph_page()&amp#27;[0m
  &amp#27;[36mWhen &amp#27;[0m&amp#27;[36mThe user clicks Try Here button in the graph page&amp#27;[0m                                           &amp#27;[90m# stepdefinition.DSalgoGraphStepDefinition.the_user_clicks_try_here_button_in_the_graph_page()&amp#27;[0m
  &amp#27;[36mThen &amp#27;[0m&amp#27;[36mThe user should be redirected to a graph page having an tryEditor with a Run button to test&amp#27;[0m &amp#27;[90m# stepdefinition.DSalgoGraphStepDefinition.the_user_should_be_redirected_to_a_graph_page_having_an_try_editor_with_a_run_button_to_test()&amp#27;[0m
]]></system-out>
  </testcase>
  <testcase name="runScenario" classname="testrunner.TestRunner" time="0.071">
    <failure message="Failed to instantiate class stepdefinition.DSalgoSignInStepDefinition" type="io.cucumber.core.exception.CucumberException">io.cucumber.core.exception.CucumberException: Failed to instantiate class stepdefinition.DSalgoSignInStepDefinition
Caused by: java.lang.reflect.InvocationTargetException
Caused by: java.lang.IllegalArgumentException: Input must be set
</failure>
    <system-out><![CDATA[
@regression
Scenario: Verify if user able to see the output in console                               &amp#27;[90m# src/test/resources/features/06_Graph.feature:22&amp#27;[0m
  &amp#27;[31mGiven &amp#27;[0m&amp#27;[31mThe user is on the DS Algo SignIn Page&amp#27;[0m                                           &amp#27;[90m# stepdefinition.DSalgoSignInStepDefinition.the_user_is_on_the_ds_algo_sign_in_page()&amp#27;[0m
      &amp#27;[31mio.cucumber.core.exception.CucumberException: Failed to instantiate class stepdefinition.DSalgoSignInStepDefinition
	at io.cucumber.core.backend.DefaultObjectFactory.cacheNewInstance(DefaultObjectFactory.java:67)
	at io.cucumber.core.backend.DefaultObjectFactory.getInstance(DefaultObjectFactory.java:45)
	at io.cucumber.java.AbstractGlueDefinition.invokeMethod(AbstractGlueDefinition.java:47)
	at io.cucumber.java.JavaStepDefinition.execute(JavaStepDefinition.java:29)
	at io.cucumber.core.runner.CoreStepDefinition.execute(CoreStepDefinition.java:66)
	at io.cucumber.core.runner.PickleStepDefinitionMatch.runStep(PickleStepDefinitionMatch.java:63)
	at io.cucumber.core.runner.ExecutionMode$1.execute(ExecutionMode.java:10)
	at io.cucumber.core.runner.TestStep.executeStep(TestStep.java:84)
	at io.cucumber.core.runner.TestStep.run(TestStep.java:56)
	at io.cucumber.core.runner.PickleStepTestStep.run(PickleStepTestStep.java:51)
	at io.cucumber.core.runner.TestCase.run(TestCase.java:84)
	at io.cucumber.core.runner.Runner.runPickle(Runner.java:75)
	at io.cucumber.testng.TestNGCucumberRunner.lambda$runScenario$1(TestNGCucumberRunner.java:132)
	at io.cucumber.core.runtime.CucumberExecutionContext.lambda$runTestCase$5(CucumberExecutionContext.java:137)
	at io.cucumber.core.runtime.RethrowingThrowableCollector.executeAndThrow(RethrowingThrowableCollector.java:23)
	at io.cucumber.core.runtime.CucumberExecutionContext.runTestCase(CucumberExecutionContext.java:137)
	at io.cucumber.testng.TestNGCucumberRunner.runScenario(TestNGCucumberRunner.java:129)
	at io.cucumber.testng.AbstractTestNGCucumberTests.runScenario(AbstractTestNGCucumberTests.java:35)
	at java.base/jdk.internal.reflect.NativeMethodAccessorImpl.invoke0(Native Method)
	at java.base/jdk.internal.reflect.NativeMethodAccessorImpl.invoke(NativeMethodAccessorImpl.java:77)
	at java.base/jdk.internal.reflect.DelegatingMethodAccessorImpl.invoke(DelegatingMethodAccessorImpl.java:43)
	at java.base/java.lang.reflect.Method.invoke(Method.java:568)
	at org.testng.internal.invokers.MethodInvocationHelper.invokeMethod(MethodInvocationHelper.java:139)
	at org.testng.internal.invokers.TestInvoker.invokeMethod(TestInvoker.java:664)
	at org.testng.internal.invokers.TestInvoker.invokeTestMethod(TestInvoker.java:227)
	at org.testng.internal.invokers.MethodRunner.runInSequence(MethodRunner.java:50)
	at org.testng.internal.invokers.TestInvoker$MethodInvocationAgent.invoke(TestInvoker.java:957)
	at org.testng.internal.invokers.TestInvoker.invokeTestMethods(TestInvoker.java:200)
	at org.testng.internal.invokers.TestMethodWorker.invokeTestMethods(TestMethodWorker.java:148)
	at org.testng.internal.invokers.TestMethodWorker.run(TestMethodWorker.java:128)
	at java.base/java.util.ArrayList.forEach(ArrayList.java:1511)
	at org.testng.TestRunner.privateRun(TestRunner.java:848)
	at org.testng.TestRunner.run(TestRunner.java:621)
	at org.testng.SuiteRunner.runTest(SuiteRunner.java:443)
	at org.testng.SuiteRunner.runSequentially(SuiteRunner.java:437)
	at org.testng.SuiteRunner.privateRun(SuiteRunner.java:397)
	at org.testng.SuiteRunner.run(SuiteRunner.java:336)
	at org.testng.SuiteRunnerWorker.runSuite(SuiteRunnerWorker.java:52)
	at org.testng.SuiteRunnerWorker.run(SuiteRunnerWorker.java:95)
	at org.testng.TestNG.runSuitesSequentially(TestNG.java:1280)
	at org.testng.TestNG.runSuitesLocally(TestNG.java:1200)
	at org.testng.TestNG.runSuites(TestNG.java:1114)
	at org.testng.TestNG.run(TestNG.java:1082)
	at org.apache.maven.surefire.testng.TestNGExecutor.run(TestNGExecutor.java:135)
	at org.apache.maven.surefire.testng.TestNGDirectoryTestSuite.executeMulti(TestNGDirectoryTestSuite.java:193)
	at org.apache.maven.surefire.testng.TestNGDirectoryTestSuite.execute(TestNGDirectoryTestSuite.java:94)
	at org.apache.maven.surefire.testng.TestNGProvider.invoke(TestNGProvider.java:146)
	at org.apache.maven.surefire.booter.ForkedBooter.invokeProviderInSameClassLoader(ForkedBooter.java:384)
	at org.apache.maven.surefire.booter.ForkedBooter.runSuitesInProcess(ForkedBooter.java:345)
	at org.apache.maven.surefire.booter.ForkedBooter.execute(ForkedBooter.java:126)
	at org.apache.maven.surefire.booter.ForkedBooter.main(ForkedBooter.java:418)
Caused by: java.lang.reflect.InvocationTargetException
	at java.base/jdk.internal.reflect.NativeConstructorAccessorImpl.newInstance0(Native Method)
	at java.base/jdk.internal.reflect.NativeConstructorAccessorImpl.newInstance(NativeConstructorAccessorImpl.java:77)
	at java.base/jdk.internal.reflect.DelegatingConstructorAccessorImpl.newInstance(DelegatingConstructorAccessorImpl.java:45)
	at java.base/java.lang.reflect.Constructor.newInstanceWithCaller(Constructor.java:499)
	at java.base/java.lang.reflect.Constructor.newInstance(Constructor.java:480)
	at io.cucumber.core.backend.DefaultObjectFactory.cacheNewInstance(DefaultObjectFactory.java:53)
	... 50 more
Caused by: java.lang.IllegalArgumentException: Input must be set
	at org.openqa.selenium.internal.Require.nonNull(Require.java:60)
	at org.openqa.selenium.support.ui.FluentWait.<init>(FluentWait.java:93)
	at org.openqa.selenium.support.ui.WebDriverWait.<init>(WebDriverWait.java:74)
	at org.openqa.selenium.support.ui.WebDriverWait.<init>(WebDriverWait.java:43)
	at dsalgoPOM.HomePage.<init>(HomePage.java:31)
	at stepdefinition.DSalgoSignInStepDefinition.<init>(DSalgoSignInStepDefinition.java:34)
	... 56 more
&amp#27;[0m
  &amp#27;[36mWhen &amp#27;[0m&amp#27;[36mThe user clicks login button after entering valid &amp#27;[0m&amp#27;[36m&amp#27;[1m"username"&amp#27;[0m&amp#27;[36m and valid &amp#27;[0m&amp#27;[36m&amp#27;[1m"password"&amp#27;[0m &amp#27;[90m# stepdefinition.DSalgoSignInStepDefinition.the_user_clicks_login_button_after_entering_valid_and_valid(java.lang.String,java.lang.String)&amp#27;[0m
  &amp#27;[36mThen &amp#27;[0m&amp#27;[36mThe user should land in Data Structure Home Page&amp#27;[0m                                  &amp#27;[90m# stepdefinition.DSalgoSignInStepDefinition.the_user_should_land_in_data_structure_home_page()&amp#27;[0m
  &amp#27;[36mGiven &amp#27;[0m&amp#27;[36mThe user is on the Graph tryEditor page&amp#27;[0m                                          &amp#27;[90m# stepdefinition.DSalgoGraphStepDefinition.the_user_is_on_the_graph_tryeditor_page()&amp#27;[0m
  &amp#27;[36mWhen &amp#27;[0m&amp#27;[36mThe User writes Valid python code in graph page&amp#27;[0m                                   &amp#27;[90m# stepdefinition.DSalgoGraphStepDefinition.the_user_writes_valid_python_code_in_graph_page()&amp#27;[0m
  &amp#27;[36mAnd &amp#27;[0m&amp#27;[36mClick the Run button in graph page&amp#27;[0m                                                 &amp#27;[90m# stepdefinition.DSalgoGraphStepDefinition.click_the_run_button_in_graph_page()&amp#27;[0m
  &amp#27;[36mThen &amp#27;[0m&amp#27;[36mUser is able to see the output in console of graph page&amp#27;[0m                           &amp#27;[90m# stepdefinition.DSalgoGraphStepDefinition.user_is_able_to_see_the_output_in_console_of_graph_page()&amp#27;[0m
]]></system-out>
  </testcase>
  <testcase name="runScenario" classname="testrunner.TestRunner" time="0.031">
    <failure message="Failed to instantiate class stepdefinition.DSalgoSignInStepDefinition" type="io.cucumber.core.exception.CucumberException">io.cucumber.core.exception.CucumberException: Failed to instantiate class stepdefinition.DSalgoSignInStepDefinition
Caused by: java.lang.reflect.InvocationTargetException
Caused by: java.lang.IllegalArgumentException: Input must be set
</failure>
    <system-out><![CDATA[
@regression
Scenario: Verify if user able to see the error msg in pop up window                      &amp#27;[90m# src/test/resources/features/06_Graph.feature:28&amp#27;[0m
  &amp#27;[31mGiven &amp#27;[0m&amp#27;[31mThe user is on the DS Algo SignIn Page&amp#27;[0m                                           &amp#27;[90m# stepdefinition.DSalgoSignInStepDefinition.the_user_is_on_the_ds_algo_sign_in_page()&amp#27;[0m
      &amp#27;[31mio.cucumber.core.exception.CucumberException: Failed to instantiate class stepdefinition.DSalgoSignInStepDefinition
	at io.cucumber.core.backend.DefaultObjectFactory.cacheNewInstance(DefaultObjectFactory.java:67)
	at io.cucumber.core.backend.DefaultObjectFactory.getInstance(DefaultObjectFactory.java:45)
	at io.cucumber.java.AbstractGlueDefinition.invokeMethod(AbstractGlueDefinition.java:47)
	at io.cucumber.java.JavaStepDefinition.execute(JavaStepDefinition.java:29)
	at io.cucumber.core.runner.CoreStepDefinition.execute(CoreStepDefinition.java:66)
	at io.cucumber.core.runner.PickleStepDefinitionMatch.runStep(PickleStepDefinitionMatch.java:63)
	at io.cucumber.core.runner.ExecutionMode$1.execute(ExecutionMode.java:10)
	at io.cucumber.core.runner.TestStep.executeStep(TestStep.java:84)
	at io.cucumber.core.runner.TestStep.run(TestStep.java:56)
	at io.cucumber.core.runner.PickleStepTestStep.run(PickleStepTestStep.java:51)
	at io.cucumber.core.runner.TestCase.run(TestCase.java:84)
	at io.cucumber.core.runner.Runner.runPickle(Runner.java:75)
	at io.cucumber.testng.TestNGCucumberRunner.lambda$runScenario$1(TestNGCucumberRunner.java:132)
	at io.cucumber.core.runtime.CucumberExecutionContext.lambda$runTestCase$5(CucumberExecutionContext.java:137)
	at io.cucumber.core.runtime.RethrowingThrowableCollector.executeAndThrow(RethrowingThrowableCollector.java:23)
	at io.cucumber.core.runtime.CucumberExecutionContext.runTestCase(CucumberExecutionContext.java:137)
	at io.cucumber.testng.TestNGCucumberRunner.runScenario(TestNGCucumberRunner.java:129)
	at io.cucumber.testng.AbstractTestNGCucumberTests.runScenario(AbstractTestNGCucumberTests.java:35)
	at java.base/jdk.internal.reflect.NativeMethodAccessorImpl.invoke0(Native Method)
	at java.base/jdk.internal.reflect.NativeMethodAccessorImpl.invoke(NativeMethodAccessorImpl.java:77)
	at java.base/jdk.internal.reflect.DelegatingMethodAccessorImpl.invoke(DelegatingMethodAccessorImpl.java:43)
	at java.base/java.lang.reflect.Method.invoke(Method.java:568)
	at org.testng.internal.invokers.MethodInvocationHelper.invokeMethod(MethodInvocationHelper.java:139)
	at org.testng.internal.invokers.TestInvoker.invokeMethod(TestInvoker.java:664)
	at org.testng.internal.invokers.TestInvoker.invokeTestMethod(TestInvoker.java:227)
	at org.testng.internal.invokers.MethodRunner.runInSequence(MethodRunner.java:50)
	at org.testng.internal.invokers.TestInvoker$MethodInvocationAgent.invoke(TestInvoker.java:957)
	at org.testng.internal.invokers.TestInvoker.invokeTestMethods(TestInvoker.java:200)
	at org.testng.internal.invokers.TestMethodWorker.invokeTestMethods(TestMethodWorker.java:148)
	at org.testng.internal.invokers.TestMethodWorker.run(TestMethodWorker.java:128)
	at java.base/java.util.ArrayList.forEach(ArrayList.java:1511)
	at org.testng.TestRunner.privateRun(TestRunner.java:848)
	at org.testng.TestRunner.run(TestRunner.java:621)
	at org.testng.SuiteRunner.runTest(SuiteRunner.java:443)
	at org.testng.SuiteRunner.runSequentially(SuiteRunner.java:437)
	at org.testng.SuiteRunner.privateRun(SuiteRunner.java:397)
	at org.testng.SuiteRunner.run(SuiteRunner.java:336)
	at org.testng.SuiteRunnerWorker.runSuite(SuiteRunnerWorker.java:52)
	at org.testng.SuiteRunnerWorker.run(SuiteRunnerWorker.java:95)
	at org.testng.TestNG.runSuitesSequentially(TestNG.java:1280)
	at org.testng.TestNG.runSuitesLocally(TestNG.java:1200)
	at org.testng.TestNG.runSuites(TestNG.java:1114)
	at org.testng.TestNG.run(TestNG.java:1082)
	at org.apache.maven.surefire.testng.TestNGExecutor.run(TestNGExecutor.java:135)
	at org.apache.maven.surefire.testng.TestNGDirectoryTestSuite.executeMulti(TestNGDirectoryTestSuite.java:193)
	at org.apache.maven.surefire.testng.TestNGDirectoryTestSuite.execute(TestNGDirectoryTestSuite.java:94)
	at org.apache.maven.surefire.testng.TestNGProvider.invoke(TestNGProvider.java:146)
	at org.apache.maven.surefire.booter.ForkedBooter.invokeProviderInSameClassLoader(ForkedBooter.java:384)
	at org.apache.maven.surefire.booter.ForkedBooter.runSuitesInProcess(ForkedBooter.java:345)
	at org.apache.maven.surefire.booter.ForkedBooter.execute(ForkedBooter.java:126)
	at org.apache.maven.surefire.booter.ForkedBooter.main(ForkedBooter.java:418)
Caused by: java.lang.reflect.InvocationTargetException
	at java.base/jdk.internal.reflect.NativeConstructorAccessorImpl.newInstance0(Native Method)
	at java.base/jdk.internal.reflect.NativeConstructorAccessorImpl.newInstance(NativeConstructorAccessorImpl.java:77)
	at java.base/jdk.internal.reflect.DelegatingConstructorAccessorImpl.newInstance(DelegatingConstructorAccessorImpl.java:45)
	at java.base/java.lang.reflect.Constructor.newInstanceWithCaller(Constructor.java:499)
	at java.base/java.lang.reflect.Constructor.newInstance(Constructor.java:480)
	at io.cucumber.core.backend.DefaultObjectFactory.cacheNewInstance(DefaultObjectFactory.java:53)
	... 50 more
Caused by: java.lang.IllegalArgumentException: Input must be set
	at org.openqa.selenium.internal.Require.nonNull(Require.java:60)
	at org.openqa.selenium.support.ui.FluentWait.<init>(FluentWait.java:93)
	at org.openqa.selenium.support.ui.WebDriverWait.<init>(WebDriverWait.java:74)
	at org.openqa.selenium.support.ui.WebDriverWait.<init>(WebDriverWait.java:43)
	at dsalgoPOM.HomePage.<init>(HomePage.java:31)
	at stepdefinition.DSalgoSignInStepDefinition.<init>(DSalgoSignInStepDefinition.java:34)
	... 56 more
&amp#27;[0m
  &amp#27;[36mWhen &amp#27;[0m&amp#27;[36mThe user clicks login button after entering valid &amp#27;[0m&amp#27;[36m&amp#27;[1m"username"&amp#27;[0m&amp#27;[36m and valid &amp#27;[0m&amp#27;[36m&amp#27;[1m"password"&amp#27;[0m &amp#27;[90m# stepdefinition.DSalgoSignInStepDefinition.the_user_clicks_login_button_after_entering_valid_and_valid(java.lang.String,java.lang.String)&amp#27;[0m
  &amp#27;[36mThen &amp#27;[0m&amp#27;[36mThe user should land in Data Structure Home Page&amp#27;[0m                                  &amp#27;[90m# stepdefinition.DSalgoSignInStepDefinition.the_user_should_land_in_data_structure_home_page()&amp#27;[0m
  &amp#27;[36mGiven &amp#27;[0m&amp#27;[36mThe user is on the Graph tryEditor page&amp#27;[0m                                          &amp#27;[90m# stepdefinition.DSalgoGraphStepDefinition.the_user_is_on_the_graph_tryeditor_page()&amp#27;[0m
  &amp#27;[36mWhen &amp#27;[0m&amp#27;[36mThe user writes invalid python code in graph page&amp#27;[0m                                 &amp#27;[90m# stepdefinition.DSalgoGraphStepDefinition.the_user_writes_invalid_python_code_in_graph_page()&amp#27;[0m
  &amp#27;[36mAnd &amp#27;[0m&amp#27;[36mClick the Run button in graph page&amp#27;[0m                                                 &amp#27;[90m# stepdefinition.DSalgoGraphStepDefinition.click_the_run_button_in_graph_page()&amp#27;[0m
  &amp#27;[36mThen &amp#27;[0m&amp#27;[36mUser is able to see the error msg in graph page pop up window&amp#27;[0m                     &amp#27;[90m# stepdefinition.DSalgoGraphStepDefinition.user_is_able_to_see_the_error_msg_in_graph_page_pop_up_window()&amp#27;[0m
]]></system-out>
  </testcase>
  <testcase name="runScenario" classname="testrunner.TestRunner" time="0.033">
    <failure message="Failed to instantiate class stepdefinition.DSalgoSignInStepDefinition" type="io.cucumber.core.exception.CucumberException">io.cucumber.core.exception.CucumberException: Failed to instantiate class stepdefinition.DSalgoSignInStepDefinition
Caused by: java.lang.reflect.InvocationTargetException
Caused by: java.lang.IllegalArgumentException: Input must be set
</failure>
    <system-out><![CDATA[
@regression
Scenario: Verify if user able to direct to "Graph Representations" page                  &amp#27;[90m# src/test/resources/features/06_Graph.feature:35&amp#27;[0m
  &amp#27;[31mGiven &amp#27;[0m&amp#27;[31mThe user is on the DS Algo SignIn Page&amp#27;[0m                                           &amp#27;[90m# stepdefinition.DSalgoSignInStepDefinition.the_user_is_on_the_ds_algo_sign_in_page()&amp#27;[0m
      &amp#27;[31mio.cucumber.core.exception.CucumberException: Failed to instantiate class stepdefinition.DSalgoSignInStepDefinition
	at io.cucumber.core.backend.DefaultObjectFactory.cacheNewInstance(DefaultObjectFactory.java:67)
	at io.cucumber.core.backend.DefaultObjectFactory.getInstance(DefaultObjectFactory.java:45)
	at io.cucumber.java.AbstractGlueDefinition.invokeMethod(AbstractGlueDefinition.java:47)
	at io.cucumber.java.JavaStepDefinition.execute(JavaStepDefinition.java:29)
	at io.cucumber.core.runner.CoreStepDefinition.execute(CoreStepDefinition.java:66)
	at io.cucumber.core.runner.PickleStepDefinitionMatch.runStep(PickleStepDefinitionMatch.java:63)
	at io.cucumber.core.runner.ExecutionMode$1.execute(ExecutionMode.java:10)
	at io.cucumber.core.runner.TestStep.executeStep(TestStep.java:84)
	at io.cucumber.core.runner.TestStep.run(TestStep.java:56)
	at io.cucumber.core.runner.PickleStepTestStep.run(PickleStepTestStep.java:51)
	at io.cucumber.core.runner.TestCase.run(TestCase.java:84)
	at io.cucumber.core.runner.Runner.runPickle(Runner.java:75)
	at io.cucumber.testng.TestNGCucumberRunner.lambda$runScenario$1(TestNGCucumberRunner.java:132)
	at io.cucumber.core.runtime.CucumberExecutionContext.lambda$runTestCase$5(CucumberExecutionContext.java:137)
	at io.cucumber.core.runtime.RethrowingThrowableCollector.executeAndThrow(RethrowingThrowableCollector.java:23)
	at io.cucumber.core.runtime.CucumberExecutionContext.runTestCase(CucumberExecutionContext.java:137)
	at io.cucumber.testng.TestNGCucumberRunner.runScenario(TestNGCucumberRunner.java:129)
	at io.cucumber.testng.AbstractTestNGCucumberTests.runScenario(AbstractTestNGCucumberTests.java:35)
	at java.base/jdk.internal.reflect.NativeMethodAccessorImpl.invoke0(Native Method)
	at java.base/jdk.internal.reflect.NativeMethodAccessorImpl.invoke(NativeMethodAccessorImpl.java:77)
	at java.base/jdk.internal.reflect.DelegatingMethodAccessorImpl.invoke(DelegatingMethodAccessorImpl.java:43)
	at java.base/java.lang.reflect.Method.invoke(Method.java:568)
	at org.testng.internal.invokers.MethodInvocationHelper.invokeMethod(MethodInvocationHelper.java:139)
	at org.testng.internal.invokers.TestInvoker.invokeMethod(TestInvoker.java:664)
	at org.testng.internal.invokers.TestInvoker.invokeTestMethod(TestInvoker.java:227)
	at org.testng.internal.invokers.MethodRunner.runInSequence(MethodRunner.java:50)
	at org.testng.internal.invokers.TestInvoker$MethodInvocationAgent.invoke(TestInvoker.java:957)
	at org.testng.internal.invokers.TestInvoker.invokeTestMethods(TestInvoker.java:200)
	at org.testng.internal.invokers.TestMethodWorker.invokeTestMethods(TestMethodWorker.java:148)
	at org.testng.internal.invokers.TestMethodWorker.run(TestMethodWorker.java:128)
	at java.base/java.util.ArrayList.forEach(ArrayList.java:1511)
	at org.testng.TestRunner.privateRun(TestRunner.java:848)
	at org.testng.TestRunner.run(TestRunner.java:621)
	at org.testng.SuiteRunner.runTest(SuiteRunner.java:443)
	at org.testng.SuiteRunner.runSequentially(SuiteRunner.java:437)
	at org.testng.SuiteRunner.privateRun(SuiteRunner.java:397)
	at org.testng.SuiteRunner.run(SuiteRunner.java:336)
	at org.testng.SuiteRunnerWorker.runSuite(SuiteRunnerWorker.java:52)
	at org.testng.SuiteRunnerWorker.run(SuiteRunnerWorker.java:95)
	at org.testng.TestNG.runSuitesSequentially(TestNG.java:1280)
	at org.testng.TestNG.runSuitesLocally(TestNG.java:1200)
	at org.testng.TestNG.runSuites(TestNG.java:1114)
	at org.testng.TestNG.run(TestNG.java:1082)
	at org.apache.maven.surefire.testng.TestNGExecutor.run(TestNGExecutor.java:135)
	at org.apache.maven.surefire.testng.TestNGDirectoryTestSuite.executeMulti(TestNGDirectoryTestSuite.java:193)
	at org.apache.maven.surefire.testng.TestNGDirectoryTestSuite.execute(TestNGDirectoryTestSuite.java:94)
	at org.apache.maven.surefire.testng.TestNGProvider.invoke(TestNGProvider.java:146)
	at org.apache.maven.surefire.booter.ForkedBooter.invokeProviderInSameClassLoader(ForkedBooter.java:384)
	at org.apache.maven.surefire.booter.ForkedBooter.runSuitesInProcess(ForkedBooter.java:345)
	at org.apache.maven.surefire.booter.ForkedBooter.execute(ForkedBooter.java:126)
	at org.apache.maven.surefire.booter.ForkedBooter.main(ForkedBooter.java:418)
Caused by: java.lang.reflect.InvocationTargetException
	at java.base/jdk.internal.reflect.NativeConstructorAccessorImpl.newInstance0(Native Method)
	at java.base/jdk.internal.reflect.NativeConstructorAccessorImpl.newInstance(NativeConstructorAccessorImpl.java:77)
	at java.base/jdk.internal.reflect.DelegatingConstructorAccessorImpl.newInstance(DelegatingConstructorAccessorImpl.java:45)
	at java.base/java.lang.reflect.Constructor.newInstanceWithCaller(Constructor.java:499)
	at java.base/java.lang.reflect.Constructor.newInstance(Constructor.java:480)
	at io.cucumber.core.backend.DefaultObjectFactory.cacheNewInstance(DefaultObjectFactory.java:53)
	... 50 more
Caused by: java.lang.IllegalArgumentException: Input must be set
	at org.openqa.selenium.internal.Require.nonNull(Require.java:60)
	at org.openqa.selenium.support.ui.FluentWait.<init>(FluentWait.java:93)
	at org.openqa.selenium.support.ui.WebDriverWait.<init>(WebDriverWait.java:74)
	at org.openqa.selenium.support.ui.WebDriverWait.<init>(WebDriverWait.java:43)
	at dsalgoPOM.HomePage.<init>(HomePage.java:31)
	at stepdefinition.DSalgoSignInStepDefinition.<init>(DSalgoSignInStepDefinition.java:34)
	... 56 more
&amp#27;[0m
  &amp#27;[36mWhen &amp#27;[0m&amp#27;[36mThe user clicks login button after entering valid &amp#27;[0m&amp#27;[36m&amp#27;[1m"username"&amp#27;[0m&amp#27;[36m and valid &amp#27;[0m&amp#27;[36m&amp#27;[1m"password"&amp#27;[0m &amp#27;[90m# stepdefinition.DSalgoSignInStepDefinition.the_user_clicks_login_button_after_entering_valid_and_valid(java.lang.String,java.lang.String)&amp#27;[0m
  &amp#27;[36mThen &amp#27;[0m&amp#27;[36mThe user should land in Data Structure Home Page&amp#27;[0m                                  &amp#27;[90m# stepdefinition.DSalgoSignInStepDefinition.the_user_should_land_in_data_structure_home_page()&amp#27;[0m
  &amp#27;[36mGiven &amp#27;[0m&amp#27;[36mThe user is in the Graph page after logged in&amp#27;[0m                                    &amp#27;[90m# stepdefinition.DSalgoGraphStepDefinition.the_user_is_in_the_graph_page_after_logged_in()&amp#27;[0m
  &amp#27;[36mWhen &amp#27;[0m&amp#27;[36mThe user clicks Graph representations link in Topics covered section&amp#27;[0m              &amp#27;[90m# stepdefinition.DSalgoGraphStepDefinition.the_user_clicks_graph_representations_link_in_topics_covered_section()&amp#27;[0m
  &amp#27;[36mThen &amp#27;[0m&amp#27;[36mThe user should be directed to Graph representations Page&amp#27;[0m                         &amp#27;[90m# stepdefinition.DSalgoGraphStepDefinition.the_user_should_be_directed_to_graph_representations_page()&amp#27;[0m
]]></system-out>
  </testcase>
  <testcase name="runScenario" classname="testrunner.TestRunner" time="0.041">
    <failure message="Failed to instantiate class stepdefinition.DSalgoSignInStepDefinition" type="io.cucumber.core.exception.CucumberException">io.cucumber.core.exception.CucumberException: Failed to instantiate class stepdefinition.DSalgoSignInStepDefinition
Caused by: java.lang.reflect.InvocationTargetException
Caused by: java.lang.IllegalArgumentException: Input must be set
</failure>
    <system-out><![CDATA[
@regression
Scenario: Verify if user able to redirect to a page having an tryEditor with a Run button to test  &amp#27;[90m# src/test/resources/features/06_Graph.feature:40&amp#27;[0m
  &amp#27;[31mGiven &amp#27;[0m&amp#27;[31mThe user is on the DS Algo SignIn Page&amp#27;[0m                                                     &amp#27;[90m# stepdefinition.DSalgoSignInStepDefinition.the_user_is_on_the_ds_algo_sign_in_page()&amp#27;[0m
      &amp#27;[31mio.cucumber.core.exception.CucumberException: Failed to instantiate class stepdefinition.DSalgoSignInStepDefinition
	at io.cucumber.core.backend.DefaultObjectFactory.cacheNewInstance(DefaultObjectFactory.java:67)
	at io.cucumber.core.backend.DefaultObjectFactory.getInstance(DefaultObjectFactory.java:45)
	at io.cucumber.java.AbstractGlueDefinition.invokeMethod(AbstractGlueDefinition.java:47)
	at io.cucumber.java.JavaStepDefinition.execute(JavaStepDefinition.java:29)
	at io.cucumber.core.runner.CoreStepDefinition.execute(CoreStepDefinition.java:66)
	at io.cucumber.core.runner.PickleStepDefinitionMatch.runStep(PickleStepDefinitionMatch.java:63)
	at io.cucumber.core.runner.ExecutionMode$1.execute(ExecutionMode.java:10)
	at io.cucumber.core.runner.TestStep.executeStep(TestStep.java:84)
	at io.cucumber.core.runner.TestStep.run(TestStep.java:56)
	at io.cucumber.core.runner.PickleStepTestStep.run(PickleStepTestStep.java:51)
	at io.cucumber.core.runner.TestCase.run(TestCase.java:84)
	at io.cucumber.core.runner.Runner.runPickle(Runner.java:75)
	at io.cucumber.testng.TestNGCucumberRunner.lambda$runScenario$1(TestNGCucumberRunner.java:132)
	at io.cucumber.core.runtime.CucumberExecutionContext.lambda$runTestCase$5(CucumberExecutionContext.java:137)
	at io.cucumber.core.runtime.RethrowingThrowableCollector.executeAndThrow(RethrowingThrowableCollector.java:23)
	at io.cucumber.core.runtime.CucumberExecutionContext.runTestCase(CucumberExecutionContext.java:137)
	at io.cucumber.testng.TestNGCucumberRunner.runScenario(TestNGCucumberRunner.java:129)
	at io.cucumber.testng.AbstractTestNGCucumberTests.runScenario(AbstractTestNGCucumberTests.java:35)
	at java.base/jdk.internal.reflect.NativeMethodAccessorImpl.invoke0(Native Method)
	at java.base/jdk.internal.reflect.NativeMethodAccessorImpl.invoke(NativeMethodAccessorImpl.java:77)
	at java.base/jdk.internal.reflect.DelegatingMethodAccessorImpl.invoke(DelegatingMethodAccessorImpl.java:43)
	at java.base/java.lang.reflect.Method.invoke(Method.java:568)
	at org.testng.internal.invokers.MethodInvocationHelper.invokeMethod(MethodInvocationHelper.java:139)
	at org.testng.internal.invokers.TestInvoker.invokeMethod(TestInvoker.java:664)
	at org.testng.internal.invokers.TestInvoker.invokeTestMethod(TestInvoker.java:227)
	at org.testng.internal.invokers.MethodRunner.runInSequence(MethodRunner.java:50)
	at org.testng.internal.invokers.TestInvoker$MethodInvocationAgent.invoke(TestInvoker.java:957)
	at org.testng.internal.invokers.TestInvoker.invokeTestMethods(TestInvoker.java:200)
	at org.testng.internal.invokers.TestMethodWorker.invokeTestMethods(TestMethodWorker.java:148)
	at org.testng.internal.invokers.TestMethodWorker.run(TestMethodWorker.java:128)
	at java.base/java.util.ArrayList.forEach(ArrayList.java:1511)
	at org.testng.TestRunner.privateRun(TestRunner.java:848)
	at org.testng.TestRunner.run(TestRunner.java:621)
	at org.testng.SuiteRunner.runTest(SuiteRunner.java:443)
	at org.testng.SuiteRunner.runSequentially(SuiteRunner.java:437)
	at org.testng.SuiteRunner.privateRun(SuiteRunner.java:397)
	at org.testng.SuiteRunner.run(SuiteRunner.java:336)
	at org.testng.SuiteRunnerWorker.runSuite(SuiteRunnerWorker.java:52)
	at org.testng.SuiteRunnerWorker.run(SuiteRunnerWorker.java:95)
	at org.testng.TestNG.runSuitesSequentially(TestNG.java:1280)
	at org.testng.TestNG.runSuitesLocally(TestNG.java:1200)
	at org.testng.TestNG.runSuites(TestNG.java:1114)
	at org.testng.TestNG.run(TestNG.java:1082)
	at org.apache.maven.surefire.testng.TestNGExecutor.run(TestNGExecutor.java:135)
	at org.apache.maven.surefire.testng.TestNGDirectoryTestSuite.executeMulti(TestNGDirectoryTestSuite.java:193)
	at org.apache.maven.surefire.testng.TestNGDirectoryTestSuite.execute(TestNGDirectoryTestSuite.java:94)
	at org.apache.maven.surefire.testng.TestNGProvider.invoke(TestNGProvider.java:146)
	at org.apache.maven.surefire.booter.ForkedBooter.invokeProviderInSameClassLoader(ForkedBooter.java:384)
	at org.apache.maven.surefire.booter.ForkedBooter.runSuitesInProcess(ForkedBooter.java:345)
	at org.apache.maven.surefire.booter.ForkedBooter.execute(ForkedBooter.java:126)
	at org.apache.maven.surefire.booter.ForkedBooter.main(ForkedBooter.java:418)
Caused by: java.lang.reflect.InvocationTargetException
	at java.base/jdk.internal.reflect.NativeConstructorAccessorImpl.newInstance0(Native Method)
	at java.base/jdk.internal.reflect.NativeConstructorAccessorImpl.newInstance(NativeConstructorAccessorImpl.java:77)
	at java.base/jdk.internal.reflect.DelegatingConstructorAccessorImpl.newInstance(DelegatingConstructorAccessorImpl.java:45)
	at java.base/java.lang.reflect.Constructor.newInstanceWithCaller(Constructor.java:499)
	at java.base/java.lang.reflect.Constructor.newInstance(Constructor.java:480)
	at io.cucumber.core.backend.DefaultObjectFactory.cacheNewInstance(DefaultObjectFactory.java:53)
	... 50 more
Caused by: java.lang.IllegalArgumentException: Input must be set
	at org.openqa.selenium.internal.Require.nonNull(Require.java:60)
	at org.openqa.selenium.support.ui.FluentWait.<init>(FluentWait.java:93)
	at org.openqa.selenium.support.ui.WebDriverWait.<init>(WebDriverWait.java:74)
	at org.openqa.selenium.support.ui.WebDriverWait.<init>(WebDriverWait.java:43)
	at dsalgoPOM.HomePage.<init>(HomePage.java:31)
	at stepdefinition.DSalgoSignInStepDefinition.<init>(DSalgoSignInStepDefinition.java:34)
	... 56 more
&amp#27;[0m
  &amp#27;[36mWhen &amp#27;[0m&amp#27;[36mThe user clicks login button after entering valid &amp#27;[0m&amp#27;[36m&amp#27;[1m"username"&amp#27;[0m&amp#27;[36m and valid &amp#27;[0m&amp#27;[36m&amp#27;[1m"password"&amp#27;[0m           &amp#27;[90m# stepdefinition.DSalgoSignInStepDefinition.the_user_clicks_login_button_after_entering_valid_and_valid(java.lang.String,java.lang.String)&amp#27;[0m
  &amp#27;[36mThen &amp#27;[0m&amp#27;[36mThe user should land in Data Structure Home Page&amp#27;[0m                                            &amp#27;[90m# stepdefinition.DSalgoSignInStepDefinition.the_user_should_land_in_data_structure_home_page()&amp#27;[0m
  &amp#27;[36mGiven &amp#27;[0m&amp#27;[36mThe user is in the Graph representations page&amp#27;[0m                                              &amp#27;[90m# stepdefinition.DSalgoGraphStepDefinition.the_user_is_in_the_graph_representations_page()&amp#27;[0m
  &amp#27;[36mWhen &amp#27;[0m&amp#27;[36mThe user clicks Try Here button in the graph page&amp#27;[0m                                           &amp#27;[90m# stepdefinition.DSalgoGraphStepDefinition.the_user_clicks_try_here_button_in_the_graph_page()&amp#27;[0m
  &amp#27;[36mThen &amp#27;[0m&amp#27;[36mThe user should be redirected to a graph page having an tryEditor with a Run button to test&amp#27;[0m &amp#27;[90m# stepdefinition.DSalgoGraphStepDefinition.the_user_should_be_redirected_to_a_graph_page_having_an_try_editor_with_a_run_button_to_test()&amp#27;[0m
]]></system-out>
  </testcase>
  <testcase name="runScenario" classname="testrunner.TestRunner" time="0.04">
    <failure message="Failed to instantiate class stepdefinition.DSalgoSignInStepDefinition" type="io.cucumber.core.exception.CucumberException">io.cucumber.core.exception.CucumberException: Failed to instantiate class stepdefinition.DSalgoSignInStepDefinition
Caused by: java.lang.reflect.InvocationTargetException
Caused by: java.lang.IllegalArgumentException: Input must be set
</failure>
    <system-out><![CDATA[
@regression
Scenario: Verify if user able to see the output in console                               &amp#27;[90m# src/test/resources/features/06_Graph.feature:45&amp#27;[0m
  &amp#27;[31mGiven &amp#27;[0m&amp#27;[31mThe user is on the DS Algo SignIn Page&amp#27;[0m                                           &amp#27;[90m# stepdefinition.DSalgoSignInStepDefinition.the_user_is_on_the_ds_algo_sign_in_page()&amp#27;[0m
      &amp#27;[31mio.cucumber.core.exception.CucumberException: Failed to instantiate class stepdefinition.DSalgoSignInStepDefinition
	at io.cucumber.core.backend.DefaultObjectFactory.cacheNewInstance(DefaultObjectFactory.java:67)
	at io.cucumber.core.backend.DefaultObjectFactory.getInstance(DefaultObjectFactory.java:45)
	at io.cucumber.java.AbstractGlueDefinition.invokeMethod(AbstractGlueDefinition.java:47)
	at io.cucumber.java.JavaStepDefinition.execute(JavaStepDefinition.java:29)
	at io.cucumber.core.runner.CoreStepDefinition.execute(CoreStepDefinition.java:66)
	at io.cucumber.core.runner.PickleStepDefinitionMatch.runStep(PickleStepDefinitionMatch.java:63)
	at io.cucumber.core.runner.ExecutionMode$1.execute(ExecutionMode.java:10)
	at io.cucumber.core.runner.TestStep.executeStep(TestStep.java:84)
	at io.cucumber.core.runner.TestStep.run(TestStep.java:56)
	at io.cucumber.core.runner.PickleStepTestStep.run(PickleStepTestStep.java:51)
	at io.cucumber.core.runner.TestCase.run(TestCase.java:84)
	at io.cucumber.core.runner.Runner.runPickle(Runner.java:75)
	at io.cucumber.testng.TestNGCucumberRunner.lambda$runScenario$1(TestNGCucumberRunner.java:132)
	at io.cucumber.core.runtime.CucumberExecutionContext.lambda$runTestCase$5(CucumberExecutionContext.java:137)
	at io.cucumber.core.runtime.RethrowingThrowableCollector.executeAndThrow(RethrowingThrowableCollector.java:23)
	at io.cucumber.core.runtime.CucumberExecutionContext.runTestCase(CucumberExecutionContext.java:137)
	at io.cucumber.testng.TestNGCucumberRunner.runScenario(TestNGCucumberRunner.java:129)
	at io.cucumber.testng.AbstractTestNGCucumberTests.runScenario(AbstractTestNGCucumberTests.java:35)
	at java.base/jdk.internal.reflect.NativeMethodAccessorImpl.invoke0(Native Method)
	at java.base/jdk.internal.reflect.NativeMethodAccessorImpl.invoke(NativeMethodAccessorImpl.java:77)
	at java.base/jdk.internal.reflect.DelegatingMethodAccessorImpl.invoke(DelegatingMethodAccessorImpl.java:43)
	at java.base/java.lang.reflect.Method.invoke(Method.java:568)
	at org.testng.internal.invokers.MethodInvocationHelper.invokeMethod(MethodInvocationHelper.java:139)
	at org.testng.internal.invokers.TestInvoker.invokeMethod(TestInvoker.java:664)
	at org.testng.internal.invokers.TestInvoker.invokeTestMethod(TestInvoker.java:227)
	at org.testng.internal.invokers.MethodRunner.runInSequence(MethodRunner.java:50)
	at org.testng.internal.invokers.TestInvoker$MethodInvocationAgent.invoke(TestInvoker.java:957)
	at org.testng.internal.invokers.TestInvoker.invokeTestMethods(TestInvoker.java:200)
	at org.testng.internal.invokers.TestMethodWorker.invokeTestMethods(TestMethodWorker.java:148)
	at org.testng.internal.invokers.TestMethodWorker.run(TestMethodWorker.java:128)
	at java.base/java.util.ArrayList.forEach(ArrayList.java:1511)
	at org.testng.TestRunner.privateRun(TestRunner.java:848)
	at org.testng.TestRunner.run(TestRunner.java:621)
	at org.testng.SuiteRunner.runTest(SuiteRunner.java:443)
	at org.testng.SuiteRunner.runSequentially(SuiteRunner.java:437)
	at org.testng.SuiteRunner.privateRun(SuiteRunner.java:397)
	at org.testng.SuiteRunner.run(SuiteRunner.java:336)
	at org.testng.SuiteRunnerWorker.runSuite(SuiteRunnerWorker.java:52)
	at org.testng.SuiteRunnerWorker.run(SuiteRunnerWorker.java:95)
	at org.testng.TestNG.runSuitesSequentially(TestNG.java:1280)
	at org.testng.TestNG.runSuitesLocally(TestNG.java:1200)
	at org.testng.TestNG.runSuites(TestNG.java:1114)
	at org.testng.TestNG.run(TestNG.java:1082)
	at org.apache.maven.surefire.testng.TestNGExecutor.run(TestNGExecutor.java:135)
	at org.apache.maven.surefire.testng.TestNGDirectoryTestSuite.executeMulti(TestNGDirectoryTestSuite.java:193)
	at org.apache.maven.surefire.testng.TestNGDirectoryTestSuite.execute(TestNGDirectoryTestSuite.java:94)
	at org.apache.maven.surefire.testng.TestNGProvider.invoke(TestNGProvider.java:146)
	at org.apache.maven.surefire.booter.ForkedBooter.invokeProviderInSameClassLoader(ForkedBooter.java:384)
	at org.apache.maven.surefire.booter.ForkedBooter.runSuitesInProcess(ForkedBooter.java:345)
	at org.apache.maven.surefire.booter.ForkedBooter.execute(ForkedBooter.java:126)
	at org.apache.maven.surefire.booter.ForkedBooter.main(ForkedBooter.java:418)
Caused by: java.lang.reflect.InvocationTargetException
	at java.base/jdk.internal.reflect.NativeConstructorAccessorImpl.newInstance0(Native Method)
	at java.base/jdk.internal.reflect.NativeConstructorAccessorImpl.newInstance(NativeConstructorAccessorImpl.java:77)
	at java.base/jdk.internal.reflect.DelegatingConstructorAccessorImpl.newInstance(DelegatingConstructorAccessorImpl.java:45)
	at java.base/java.lang.reflect.Constructor.newInstanceWithCaller(Constructor.java:499)
	at java.base/java.lang.reflect.Constructor.newInstance(Constructor.java:480)
	at io.cucumber.core.backend.DefaultObjectFactory.cacheNewInstance(DefaultObjectFactory.java:53)
	... 50 more
Caused by: java.lang.IllegalArgumentException: Input must be set
	at org.openqa.selenium.internal.Require.nonNull(Require.java:60)
	at org.openqa.selenium.support.ui.FluentWait.<init>(FluentWait.java:93)
	at org.openqa.selenium.support.ui.WebDriverWait.<init>(WebDriverWait.java:74)
	at org.openqa.selenium.support.ui.WebDriverWait.<init>(WebDriverWait.java:43)
	at dsalgoPOM.HomePage.<init>(HomePage.java:31)
	at stepdefinition.DSalgoSignInStepDefinition.<init>(DSalgoSignInStepDefinition.java:34)
	... 56 more
&amp#27;[0m
  &amp#27;[36mWhen &amp#27;[0m&amp#27;[36mThe user clicks login button after entering valid &amp#27;[0m&amp#27;[36m&amp#27;[1m"username"&amp#27;[0m&amp#27;[36m and valid &amp#27;[0m&amp#27;[36m&amp#27;[1m"password"&amp#27;[0m &amp#27;[90m# stepdefinition.DSalgoSignInStepDefinition.the_user_clicks_login_button_after_entering_valid_and_valid(java.lang.String,java.lang.String)&amp#27;[0m
  &amp#27;[36mThen &amp#27;[0m&amp#27;[36mThe user should land in Data Structure Home Page&amp#27;[0m                                  &amp#27;[90m# stepdefinition.DSalgoSignInStepDefinition.the_user_should_land_in_data_structure_home_page()&amp#27;[0m
  &amp#27;[36mGiven &amp#27;[0m&amp#27;[36mThe user is on the Graph representations tryEditor page&amp#27;[0m                          &amp#27;[90m# stepdefinition.DSalgoGraphStepDefinition.the_user_is_on_the_graph_representations_tryeditor_page()&amp#27;[0m
  &amp#27;[36mWhen &amp#27;[0m&amp#27;[36mThe User writes Valid python code in graph page&amp#27;[0m                                   &amp#27;[90m# stepdefinition.DSalgoGraphStepDefinition.the_user_writes_valid_python_code_in_graph_page()&amp#27;[0m
  &amp#27;[36mAnd &amp#27;[0m&amp#27;[36mClick the Run button in graph page&amp#27;[0m                                                 &amp#27;[90m# stepdefinition.DSalgoGraphStepDefinition.click_the_run_button_in_graph_page()&amp#27;[0m
  &amp#27;[36mThen &amp#27;[0m&amp#27;[36mUser is able to see the output in console of graph page&amp#27;[0m                           &amp#27;[90m# stepdefinition.DSalgoGraphStepDefinition.user_is_able_to_see_the_output_in_console_of_graph_page()&amp#27;[0m
]]></system-out>
  </testcase>
  <testcase name="runScenario" classname="testrunner.TestRunner" time="0.039">
    <failure message="Failed to instantiate class stepdefinition.DSalgoSignInStepDefinition" type="io.cucumber.core.exception.CucumberException">io.cucumber.core.exception.CucumberException: Failed to instantiate class stepdefinition.DSalgoSignInStepDefinition
Caused by: java.lang.reflect.InvocationTargetException
Caused by: java.lang.IllegalArgumentException: Input must be set
</failure>
    <system-out><![CDATA[
@regression
Scenario: Verify if user to see the error msg in pop up window                           &amp#27;[90m# src/test/resources/features/06_Graph.feature:51&amp#27;[0m
  &amp#27;[31mGiven &amp#27;[0m&amp#27;[31mThe user is on the DS Algo SignIn Page&amp#27;[0m                                           &amp#27;[90m# stepdefinition.DSalgoSignInStepDefinition.the_user_is_on_the_ds_algo_sign_in_page()&amp#27;[0m
      &amp#27;[31mio.cucumber.core.exception.CucumberException: Failed to instantiate class stepdefinition.DSalgoSignInStepDefinition
	at io.cucumber.core.backend.DefaultObjectFactory.cacheNewInstance(DefaultObjectFactory.java:67)
	at io.cucumber.core.backend.DefaultObjectFactory.getInstance(DefaultObjectFactory.java:45)
	at io.cucumber.java.AbstractGlueDefinition.invokeMethod(AbstractGlueDefinition.java:47)
	at io.cucumber.java.JavaStepDefinition.execute(JavaStepDefinition.java:29)
	at io.cucumber.core.runner.CoreStepDefinition.execute(CoreStepDefinition.java:66)
	at io.cucumber.core.runner.PickleStepDefinitionMatch.runStep(PickleStepDefinitionMatch.java:63)
	at io.cucumber.core.runner.ExecutionMode$1.execute(ExecutionMode.java:10)
	at io.cucumber.core.runner.TestStep.executeStep(TestStep.java:84)
	at io.cucumber.core.runner.TestStep.run(TestStep.java:56)
	at io.cucumber.core.runner.PickleStepTestStep.run(PickleStepTestStep.java:51)
	at io.cucumber.core.runner.TestCase.run(TestCase.java:84)
	at io.cucumber.core.runner.Runner.runPickle(Runner.java:75)
	at io.cucumber.testng.TestNGCucumberRunner.lambda$runScenario$1(TestNGCucumberRunner.java:132)
	at io.cucumber.core.runtime.CucumberExecutionContext.lambda$runTestCase$5(CucumberExecutionContext.java:137)
	at io.cucumber.core.runtime.RethrowingThrowableCollector.executeAndThrow(RethrowingThrowableCollector.java:23)
	at io.cucumber.core.runtime.CucumberExecutionContext.runTestCase(CucumberExecutionContext.java:137)
	at io.cucumber.testng.TestNGCucumberRunner.runScenario(TestNGCucumberRunner.java:129)
	at io.cucumber.testng.AbstractTestNGCucumberTests.runScenario(AbstractTestNGCucumberTests.java:35)
	at java.base/jdk.internal.reflect.NativeMethodAccessorImpl.invoke0(Native Method)
	at java.base/jdk.internal.reflect.NativeMethodAccessorImpl.invoke(NativeMethodAccessorImpl.java:77)
	at java.base/jdk.internal.reflect.DelegatingMethodAccessorImpl.invoke(DelegatingMethodAccessorImpl.java:43)
	at java.base/java.lang.reflect.Method.invoke(Method.java:568)
	at org.testng.internal.invokers.MethodInvocationHelper.invokeMethod(MethodInvocationHelper.java:139)
	at org.testng.internal.invokers.TestInvoker.invokeMethod(TestInvoker.java:664)
	at org.testng.internal.invokers.TestInvoker.invokeTestMethod(TestInvoker.java:227)
	at org.testng.internal.invokers.MethodRunner.runInSequence(MethodRunner.java:50)
	at org.testng.internal.invokers.TestInvoker$MethodInvocationAgent.invoke(TestInvoker.java:957)
	at org.testng.internal.invokers.TestInvoker.invokeTestMethods(TestInvoker.java:200)
	at org.testng.internal.invokers.TestMethodWorker.invokeTestMethods(TestMethodWorker.java:148)
	at org.testng.internal.invokers.TestMethodWorker.run(TestMethodWorker.java:128)
	at java.base/java.util.ArrayList.forEach(ArrayList.java:1511)
	at org.testng.TestRunner.privateRun(TestRunner.java:848)
	at org.testng.TestRunner.run(TestRunner.java:621)
	at org.testng.SuiteRunner.runTest(SuiteRunner.java:443)
	at org.testng.SuiteRunner.runSequentially(SuiteRunner.java:437)
	at org.testng.SuiteRunner.privateRun(SuiteRunner.java:397)
	at org.testng.SuiteRunner.run(SuiteRunner.java:336)
	at org.testng.SuiteRunnerWorker.runSuite(SuiteRunnerWorker.java:52)
	at org.testng.SuiteRunnerWorker.run(SuiteRunnerWorker.java:95)
	at org.testng.TestNG.runSuitesSequentially(TestNG.java:1280)
	at org.testng.TestNG.runSuitesLocally(TestNG.java:1200)
	at org.testng.TestNG.runSuites(TestNG.java:1114)
	at org.testng.TestNG.run(TestNG.java:1082)
	at org.apache.maven.surefire.testng.TestNGExecutor.run(TestNGExecutor.java:135)
	at org.apache.maven.surefire.testng.TestNGDirectoryTestSuite.executeMulti(TestNGDirectoryTestSuite.java:193)
	at org.apache.maven.surefire.testng.TestNGDirectoryTestSuite.execute(TestNGDirectoryTestSuite.java:94)
	at org.apache.maven.surefire.testng.TestNGProvider.invoke(TestNGProvider.java:146)
	at org.apache.maven.surefire.booter.ForkedBooter.invokeProviderInSameClassLoader(ForkedBooter.java:384)
	at org.apache.maven.surefire.booter.ForkedBooter.runSuitesInProcess(ForkedBooter.java:345)
	at org.apache.maven.surefire.booter.ForkedBooter.execute(ForkedBooter.java:126)
	at org.apache.maven.surefire.booter.ForkedBooter.main(ForkedBooter.java:418)
Caused by: java.lang.reflect.InvocationTargetException
	at java.base/jdk.internal.reflect.NativeConstructorAccessorImpl.newInstance0(Native Method)
	at java.base/jdk.internal.reflect.NativeConstructorAccessorImpl.newInstance(NativeConstructorAccessorImpl.java:77)
	at java.base/jdk.internal.reflect.DelegatingConstructorAccessorImpl.newInstance(DelegatingConstructorAccessorImpl.java:45)
	at java.base/java.lang.reflect.Constructor.newInstanceWithCaller(Constructor.java:499)
	at java.base/java.lang.reflect.Constructor.newInstance(Constructor.java:480)
	at io.cucumber.core.backend.DefaultObjectFactory.cacheNewInstance(DefaultObjectFactory.java:53)
	... 50 more
Caused by: java.lang.IllegalArgumentException: Input must be set
	at org.openqa.selenium.internal.Require.nonNull(Require.java:60)
	at org.openqa.selenium.support.ui.FluentWait.<init>(FluentWait.java:93)
	at org.openqa.selenium.support.ui.WebDriverWait.<init>(WebDriverWait.java:74)
	at org.openqa.selenium.support.ui.WebDriverWait.<init>(WebDriverWait.java:43)
	at dsalgoPOM.HomePage.<init>(HomePage.java:31)
	at stepdefinition.DSalgoSignInStepDefinition.<init>(DSalgoSignInStepDefinition.java:34)
	... 56 more
&amp#27;[0m
  &amp#27;[36mWhen &amp#27;[0m&amp#27;[36mThe user clicks login button after entering valid &amp#27;[0m&amp#27;[36m&amp#27;[1m"username"&amp#27;[0m&amp#27;[36m and valid &amp#27;[0m&amp#27;[36m&amp#27;[1m"password"&amp#27;[0m &amp#27;[90m# stepdefinition.DSalgoSignInStepDefinition.the_user_clicks_login_button_after_entering_valid_and_valid(java.lang.String,java.lang.String)&amp#27;[0m
  &amp#27;[36mThen &amp#27;[0m&amp#27;[36mThe user should land in Data Structure Home Page&amp#27;[0m                                  &amp#27;[90m# stepdefinition.DSalgoSignInStepDefinition.the_user_should_land_in_data_structure_home_page()&amp#27;[0m
  &amp#27;[36mGiven &amp#27;[0m&amp#27;[36mThe user is on the Graph representations tryEditor page&amp#27;[0m                          &amp#27;[90m# stepdefinition.DSalgoGraphStepDefinition.the_user_is_on_the_graph_representations_tryeditor_page()&amp#27;[0m
  &amp#27;[36mWhen &amp#27;[0m&amp#27;[36mThe user writes invalid python code in graph page&amp#27;[0m                                 &amp#27;[90m# stepdefinition.DSalgoGraphStepDefinition.the_user_writes_invalid_python_code_in_graph_page()&amp#27;[0m
  &amp#27;[36mAnd &amp#27;[0m&amp#27;[36mClick the Run button in graph page&amp#27;[0m                                                 &amp#27;[90m# stepdefinition.DSalgoGraphStepDefinition.click_the_run_button_in_graph_page()&amp#27;[0m
  &amp#27;[36mThen &amp#27;[0m&amp#27;[36mUser is able to see the error msg in graph page pop up window&amp#27;[0m                     &amp#27;[90m# stepdefinition.DSalgoGraphStepDefinition.user_is_able_to_see_the_error_msg_in_graph_page_pop_up_window()&amp#27;[0m
]]></system-out>
  </testcase>
  <testcase name="runScenario" classname="testrunner.TestRunner" time="0.025">
    <failure message="Failed to instantiate class stepdefinition.DSalgoSignInStepDefinition" type="io.cucumber.core.exception.CucumberException">io.cucumber.core.exception.CucumberException: Failed to instantiate class stepdefinition.DSalgoSignInStepDefinition
Caused by: java.lang.reflect.InvocationTargetException
Caused by: java.lang.IllegalArgumentException: Input must be set
</failure>
    <system-out><![CDATA[
@regression
Scenario: The user is able to click and navigate to "Practice Questions"                 &amp#27;[90m# src/test/resources/features/06_Graph.feature:60&amp#27;[0m
  &amp#27;[31mGiven &amp#27;[0m&amp#27;[31mThe user is on the DS Algo SignIn Page&amp#27;[0m                                           &amp#27;[90m# stepdefinition.DSalgoSignInStepDefinition.the_user_is_on_the_ds_algo_sign_in_page()&amp#27;[0m
      &amp#27;[31mio.cucumber.core.exception.CucumberException: Failed to instantiate class stepdefinition.DSalgoSignInStepDefinition
	at io.cucumber.core.backend.DefaultObjectFactory.cacheNewInstance(DefaultObjectFactory.java:67)
	at io.cucumber.core.backend.DefaultObjectFactory.getInstance(DefaultObjectFactory.java:45)
	at io.cucumber.java.AbstractGlueDefinition.invokeMethod(AbstractGlueDefinition.java:47)
	at io.cucumber.java.JavaStepDefinition.execute(JavaStepDefinition.java:29)
	at io.cucumber.core.runner.CoreStepDefinition.execute(CoreStepDefinition.java:66)
	at io.cucumber.core.runner.PickleStepDefinitionMatch.runStep(PickleStepDefinitionMatch.java:63)
	at io.cucumber.core.runner.ExecutionMode$1.execute(ExecutionMode.java:10)
	at io.cucumber.core.runner.TestStep.executeStep(TestStep.java:84)
	at io.cucumber.core.runner.TestStep.run(TestStep.java:56)
	at io.cucumber.core.runner.PickleStepTestStep.run(PickleStepTestStep.java:51)
	at io.cucumber.core.runner.TestCase.run(TestCase.java:84)
	at io.cucumber.core.runner.Runner.runPickle(Runner.java:75)
	at io.cucumber.testng.TestNGCucumberRunner.lambda$runScenario$1(TestNGCucumberRunner.java:132)
	at io.cucumber.core.runtime.CucumberExecutionContext.lambda$runTestCase$5(CucumberExecutionContext.java:137)
	at io.cucumber.core.runtime.RethrowingThrowableCollector.executeAndThrow(RethrowingThrowableCollector.java:23)
	at io.cucumber.core.runtime.CucumberExecutionContext.runTestCase(CucumberExecutionContext.java:137)
	at io.cucumber.testng.TestNGCucumberRunner.runScenario(TestNGCucumberRunner.java:129)
	at io.cucumber.testng.AbstractTestNGCucumberTests.runScenario(AbstractTestNGCucumberTests.java:35)
	at java.base/jdk.internal.reflect.NativeMethodAccessorImpl.invoke0(Native Method)
	at java.base/jdk.internal.reflect.NativeMethodAccessorImpl.invoke(NativeMethodAccessorImpl.java:77)
	at java.base/jdk.internal.reflect.DelegatingMethodAccessorImpl.invoke(DelegatingMethodAccessorImpl.java:43)
	at java.base/java.lang.reflect.Method.invoke(Method.java:568)
	at org.testng.internal.invokers.MethodInvocationHelper.invokeMethod(MethodInvocationHelper.java:139)
	at org.testng.internal.invokers.TestInvoker.invokeMethod(TestInvoker.java:664)
	at org.testng.internal.invokers.TestInvoker.invokeTestMethod(TestInvoker.java:227)
	at org.testng.internal.invokers.MethodRunner.runInSequence(MethodRunner.java:50)
	at org.testng.internal.invokers.TestInvoker$MethodInvocationAgent.invoke(TestInvoker.java:957)
	at org.testng.internal.invokers.TestInvoker.invokeTestMethods(TestInvoker.java:200)
	at org.testng.internal.invokers.TestMethodWorker.invokeTestMethods(TestMethodWorker.java:148)
	at org.testng.internal.invokers.TestMethodWorker.run(TestMethodWorker.java:128)
	at java.base/java.util.ArrayList.forEach(ArrayList.java:1511)
	at org.testng.TestRunner.privateRun(TestRunner.java:848)
	at org.testng.TestRunner.run(TestRunner.java:621)
	at org.testng.SuiteRunner.runTest(SuiteRunner.java:443)
	at org.testng.SuiteRunner.runSequentially(SuiteRunner.java:437)
	at org.testng.SuiteRunner.privateRun(SuiteRunner.java:397)
	at org.testng.SuiteRunner.run(SuiteRunner.java:336)
	at org.testng.SuiteRunnerWorker.runSuite(SuiteRunnerWorker.java:52)
	at org.testng.SuiteRunnerWorker.run(SuiteRunnerWorker.java:95)
	at org.testng.TestNG.runSuitesSequentially(TestNG.java:1280)
	at org.testng.TestNG.runSuitesLocally(TestNG.java:1200)
	at org.testng.TestNG.runSuites(TestNG.java:1114)
	at org.testng.TestNG.run(TestNG.java:1082)
	at org.apache.maven.surefire.testng.TestNGExecutor.run(TestNGExecutor.java:135)
	at org.apache.maven.surefire.testng.TestNGDirectoryTestSuite.executeMulti(TestNGDirectoryTestSuite.java:193)
	at org.apache.maven.surefire.testng.TestNGDirectoryTestSuite.execute(TestNGDirectoryTestSuite.java:94)
	at org.apache.maven.surefire.testng.TestNGProvider.invoke(TestNGProvider.java:146)
	at org.apache.maven.surefire.booter.ForkedBooter.invokeProviderInSameClassLoader(ForkedBooter.java:384)
	at org.apache.maven.surefire.booter.ForkedBooter.runSuitesInProcess(ForkedBooter.java:345)
	at org.apache.maven.surefire.booter.ForkedBooter.execute(ForkedBooter.java:126)
	at org.apache.maven.surefire.booter.ForkedBooter.main(ForkedBooter.java:418)
Caused by: java.lang.reflect.InvocationTargetException
	at java.base/jdk.internal.reflect.NativeConstructorAccessorImpl.newInstance0(Native Method)
	at java.base/jdk.internal.reflect.NativeConstructorAccessorImpl.newInstance(NativeConstructorAccessorImpl.java:77)
	at java.base/jdk.internal.reflect.DelegatingConstructorAccessorImpl.newInstance(DelegatingConstructorAccessorImpl.java:45)
	at java.base/java.lang.reflect.Constructor.newInstanceWithCaller(Constructor.java:499)
	at java.base/java.lang.reflect.Constructor.newInstance(Constructor.java:480)
	at io.cucumber.core.backend.DefaultObjectFactory.cacheNewInstance(DefaultObjectFactory.java:53)
	... 50 more
Caused by: java.lang.IllegalArgumentException: Input must be set
	at org.openqa.selenium.internal.Require.nonNull(Require.java:60)
	at org.openqa.selenium.support.ui.FluentWait.<init>(FluentWait.java:93)
	at org.openqa.selenium.support.ui.WebDriverWait.<init>(WebDriverWait.java:74)
	at org.openqa.selenium.support.ui.WebDriverWait.<init>(WebDriverWait.java:43)
	at dsalgoPOM.HomePage.<init>(HomePage.java:31)
	at stepdefinition.DSalgoSignInStepDefinition.<init>(DSalgoSignInStepDefinition.java:34)
	... 56 more
&amp#27;[0m
  &amp#27;[36mWhen &amp#27;[0m&amp#27;[36mThe user clicks login button after entering valid &amp#27;[0m&amp#27;[36m&amp#27;[1m"username"&amp#27;[0m&amp#27;[36m and valid &amp#27;[0m&amp#27;[36m&amp#27;[1m"password"&amp#27;[0m &amp#27;[90m# stepdefinition.DSalgoSignInStepDefinition.the_user_clicks_login_button_after_entering_valid_and_valid(java.lang.String,java.lang.String)&amp#27;[0m
  &amp#27;[36mThen &amp#27;[0m&amp#27;[36mThe user should land in Data Structure Home Page&amp#27;[0m                                  &amp#27;[90m# stepdefinition.DSalgoSignInStepDefinition.the_user_should_land_in_data_structure_home_page()&amp#27;[0m
  &amp#27;[36mGiven &amp#27;[0m&amp#27;[36mThe user is in the Graph page&amp#27;[0m                                                    &amp#27;[90m# stepdefinition.DSalgoGraphStepDefinition.the_user_is_in_the_graph_page()&amp#27;[0m
  &amp#27;[36mWhen &amp#27;[0m&amp#27;[36mThe user clicks Graph Practice Questions link&amp#27;[0m                                     &amp#27;[90m# stepdefinition.DSalgoGraphStepDefinition.the_user_clicks_graph_practice_questions_link()&amp#27;[0m
  &amp#27;[36mThen &amp#27;[0m&amp#27;[36mThe user is redirected to Graph Practice Questions page&amp#27;[0m                           &amp#27;[90m# stepdefinition.DSalgoGraphStepDefinition.the_user_is_redirected_to_graph_practice_questions_page()&amp#27;[0m
]]></system-out>
  </testcase>
</testsuite>