<?xml version="1.0" encoding="UTF-8"?>
<testng-results ignored="0" total="68" passed="68" failed="0" skipped="0">
  <reporter-output>
  </reporter-output>
  <suite started-at="2024-08-23T09:46:04 IST" name="Suite" finished-at="2024-08-23T09:57:10 IST" duration-ms="666506">
    <groups>
      <group name="cucumber">
        <method signature="AbstractTestNGCucumberTests.runScenario(io.cucumber.testng.PickleWrapper,io.cucumber.testng.FeatureWrapper)[pri:0, instance:testrunner.TestRunner@2254127a]" name="runScenario" class="io.cucumber.testng.AbstractTestNGCucumberTests"/>
      </group> <!-- cucumber -->
    </groups>
    <test started-at="2024-08-23T09:46:04 IST" name="DSAlgo Project Execution" finished-at="2024-08-23T09:57:10 IST" duration-ms="666506">
      <class name="testrunner.TestRunner">
        <test-method is-config="true" signature="setUpClass(org.testng.ITestContext)[pri:0, instance:testrunner.TestRunner@2254127a]" started-at="2024-08-23T09:46:04 IST" name="setUpClass" finished-at="2024-08-23T09:46:05 IST" duration-ms="1155" status="PASS">
          <params>
            <param index="0">
              <value>
                <![CDATA[org.testng.TestRunner@23202fce]]>
              </value>
            </param>
          </params>
          <reporter-output>
          </reporter-output>
        </test-method> <!-- setUpClass -->
        <test-method is-config="true" signature="setup(java.lang.String)[pri:0, instance:testrunner.TestRunner@2254127a]" started-at="2024-08-23T09:46:05 IST" name="setup" finished-at="2024-08-23T09:46:15 IST" duration-ms="9582" status="PASS">
          <params>
            <param index="0">
              <value>
                <![CDATA[chrome]]>
              </value>
            </param>
          </params>
          <reporter-output>
          </reporter-output>
        </test-method> <!-- setup -->
        <test-method signature="runScenario(io.cucumber.testng.PickleWrapper,io.cucumber.testng.FeatureWrapper)[pri:0, instance:testrunner.TestRunner@2254127a]" started-at="2024-08-23T09:46:15 IST" name="runScenario" description="Runs Cucumber Scenarios" data-provider="scenarios" finished-at="2024-08-23T09:48:00 IST" duration-ms="104991" status="PASS">
          <params>
            <param index="0">
              <value>
                <![CDATA["Verify if user to see the error msg in pop up window"]]>
              </value>
            </param>
            <param index="1">
              <value>
                <![CDATA["Array"]]>
              </value>
            </param>
          </params>
          <reporter-output>
          </reporter-output>
        </test-method> <!-- runScenario -->
        <test-method signature="runScenario(io.cucumber.testng.PickleWrapper,io.cucumber.testng.FeatureWrapper)[pri:0, instance:testrunner.TestRunner@2254127a]" started-at="2024-08-23T09:46:15 IST" name="runScenario" description="Runs Cucumber Scenarios" data-provider="scenarios" finished-at="2024-08-23T09:48:00 IST" duration-ms="105240" status="PASS">
          <params>
            <param index="0">
              <value>
                <![CDATA["Verify if user able to see the output in console"]]>
              </value>
            </param>
            <param index="1">
              <value>
                <![CDATA["Array"]]>
              </value>
            </param>
          </params>
          <reporter-output>
          </reporter-output>
        </test-method> <!-- runScenario -->
        <test-method signature="runScenario(io.cucumber.testng.PickleWrapper,io.cucumber.testng.FeatureWrapper)[pri:0, instance:testrunner.TestRunner@2254127a]" started-at="2024-08-23T09:46:15 IST" name="runScenario" description="Runs Cucumber Scenarios" data-provider="scenarios" finished-at="2024-08-23T09:47:37 IST" duration-ms="81990" status="PASS">
          <params>
            <param index="0">
              <value>
                <![CDATA["Verify if user able to direct to "Arrays Using List" page"]]>
              </value>
            </param>
            <param index="1">
              <value>
                <![CDATA["Array"]]>
              </value>
            </param>
          </params>
          <reporter-output>
          </reporter-output>
        </test-method> <!-- runScenario -->
        <test-method signature="runScenario(io.cucumber.testng.PickleWrapper,io.cucumber.testng.FeatureWrapper)[pri:0, instance:testrunner.TestRunner@2254127a]" started-at="2024-08-23T09:46:15 IST" name="runScenario" description="Runs Cucumber Scenarios" data-provider="scenarios" finished-at="2024-08-23T09:47:56 IST" duration-ms="101021" status="PASS">
          <params>
            <param index="0">
              <value>
                <![CDATA["Verify if user able to redirect to a page having an tryEditor with a Run button to test"]]>
              </value>
            </param>
            <param index="1">
              <value>
                <![CDATA["Array"]]>
              </value>
            </param>
          </params>
          <reporter-output>
          </reporter-output>
        </test-method> <!-- runScenario -->
        <test-method signature="runScenario(io.cucumber.testng.PickleWrapper,io.cucumber.testng.FeatureWrapper)[pri:0, instance:testrunner.TestRunner@2254127a]" started-at="2024-08-23T09:46:15 IST" name="runScenario" description="Runs Cucumber Scenarios" data-provider="scenarios" finished-at="2024-08-23T09:48:00 IST" duration-ms="105269" status="PASS">
          <params>
            <param index="0">
              <value>
                <![CDATA["Verify if user able to see the output in console"]]>
              </value>
            </param>
            <param index="1">
              <value>
                <![CDATA["Array"]]>
              </value>
            </param>
          </params>
          <reporter-output>
          </reporter-output>
        </test-method> <!-- runScenario -->
        <test-method signature="runScenario(io.cucumber.testng.PickleWrapper,io.cucumber.testng.FeatureWrapper)[pri:0, instance:testrunner.TestRunner@2254127a]" started-at="2024-08-23T09:46:15 IST" name="runScenario" description="Runs Cucumber Scenarios" data-provider="scenarios" finished-at="2024-08-23T09:47:55 IST" duration-ms="100341" status="PASS">
          <params>
            <param index="0">
              <value>
                <![CDATA["Verify if user able to redirect to a page having an tryEditor with a Run button to test"]]>
              </value>
            </param>
            <param index="1">
              <value>
                <![CDATA["Array"]]>
              </value>
            </param>
          </params>
          <reporter-output>
          </reporter-output>
        </test-method> <!-- runScenario -->
        <test-method signature="runScenario(io.cucumber.testng.PickleWrapper,io.cucumber.testng.FeatureWrapper)[pri:0, instance:testrunner.TestRunner@2254127a]" started-at="2024-08-23T09:46:15 IST" name="runScenario" description="Runs Cucumber Scenarios" data-provider="scenarios" finished-at="2024-08-23T09:47:37 IST" duration-ms="81955" status="PASS">
          <params>
            <param index="0">
              <value>
                <![CDATA["Verify if user able to direct to "Arrays in Python" Page"]]>
              </value>
            </param>
            <param index="1">
              <value>
                <![CDATA["Array"]]>
              </value>
            </param>
          </params>
          <reporter-output>
          </reporter-output>
        </test-method> <!-- runScenario -->
        <test-method signature="runScenario(io.cucumber.testng.PickleWrapper,io.cucumber.testng.FeatureWrapper)[pri:0, instance:testrunner.TestRunner@2254127a]" started-at="2024-08-23T09:46:15 IST" name="runScenario" description="Runs Cucumber Scenarios" data-provider="scenarios" finished-at="2024-08-23T09:48:08 IST" duration-ms="113708" status="PASS">
          <params>
            <param index="0">
              <value>
                <![CDATA["Verify if user able to see the error msg in pop up window"]]>
              </value>
            </param>
            <param index="1">
              <value>
                <![CDATA["Array"]]>
              </value>
            </param>
          </params>
          <reporter-output>
          </reporter-output>
        </test-method> <!-- runScenario -->
        <test-method signature="runScenario(io.cucumber.testng.PickleWrapper,io.cucumber.testng.FeatureWrapper)[pri:0, instance:testrunner.TestRunner@2254127a]" started-at="2024-08-23T09:46:15 IST" name="runScenario" description="Runs Cucumber Scenarios" data-provider="scenarios" finished-at="2024-08-23T09:47:37 IST" duration-ms="82021" status="PASS">
          <params>
            <param index="0">
              <value>
                <![CDATA["Verify if user able to direct to "Basic Operations in Lists" page"]]>
              </value>
            </param>
            <param index="1">
              <value>
                <![CDATA["Array"]]>
              </value>
            </param>
          </params>
          <reporter-output>
          </reporter-output>
        </test-method> <!-- runScenario -->
        <test-method signature="runScenario(io.cucumber.testng.PickleWrapper,io.cucumber.testng.FeatureWrapper)[pri:0, instance:testrunner.TestRunner@2254127a]" started-at="2024-08-23T09:46:15 IST" name="runScenario" description="Runs Cucumber Scenarios" data-provider="scenarios" finished-at="2024-08-23T09:47:54 IST" duration-ms="99446" status="PASS">
          <params>
            <param index="0">
              <value>
                <![CDATA["Verify if user able to redirect to a page having an tryEditor with a Run button to test"]]>
              </value>
            </param>
            <param index="1">
              <value>
                <![CDATA["Array"]]>
              </value>
            </param>
          </params>
          <reporter-output>
          </reporter-output>
        </test-method> <!-- runScenario -->
        <test-method signature="runScenario(io.cucumber.testng.PickleWrapper,io.cucumber.testng.FeatureWrapper)[pri:0, instance:testrunner.TestRunner@2254127a]" started-at="2024-08-23T09:47:37 IST" name="runScenario" description="Runs Cucumber Scenarios" data-provider="scenarios" finished-at="2024-08-23T09:48:48 IST" duration-ms="71218" status="PASS">
          <params>
            <param index="0">
              <value>
                <![CDATA["Verify if user to see the error msg in pop up window"]]>
              </value>
            </param>
            <param index="1">
              <value>
                <![CDATA["Array"]]>
              </value>
            </param>
          </params>
          <reporter-output>
          </reporter-output>
        </test-method> <!-- runScenario -->
        <test-method signature="runScenario(io.cucumber.testng.PickleWrapper,io.cucumber.testng.FeatureWrapper)[pri:0, instance:testrunner.TestRunner@2254127a]" started-at="2024-08-23T09:47:37 IST" name="runScenario" description="Runs Cucumber Scenarios" data-provider="scenarios" finished-at="2024-08-23T09:48:38 IST" duration-ms="61285" status="PASS">
          <params>
            <param index="0">
              <value>
                <![CDATA["Verify if user able to direct to "Applications of Array" page"]]>
              </value>
            </param>
            <param index="1">
              <value>
                <![CDATA["Array"]]>
              </value>
            </param>
          </params>
          <reporter-output>
          </reporter-output>
        </test-method> <!-- runScenario -->
        <test-method signature="runScenario(io.cucumber.testng.PickleWrapper,io.cucumber.testng.FeatureWrapper)[pri:0, instance:testrunner.TestRunner@2254127a]" started-at="2024-08-23T09:47:37 IST" name="runScenario" description="Runs Cucumber Scenarios" data-provider="scenarios" finished-at="2024-08-23T09:48:55 IST" duration-ms="78540" status="PASS">
          <params>
            <param index="0">
              <value>
                <![CDATA["Verify if user able to see the output in console"]]>
              </value>
            </param>
            <param index="1">
              <value>
                <![CDATA["Array"]]>
              </value>
            </param>
          </params>
          <reporter-output>
          </reporter-output>
        </test-method> <!-- runScenario -->
        <test-method signature="runScenario(io.cucumber.testng.PickleWrapper,io.cucumber.testng.FeatureWrapper)[pri:0, instance:testrunner.TestRunner@2254127a]" started-at="2024-08-23T09:47:55 IST" name="runScenario" description="Runs Cucumber Scenarios" data-provider="scenarios" finished-at="2024-08-23T09:49:15 IST" duration-ms="79979" status="PASS">
          <params>
            <param index="0">
              <value>
                <![CDATA["Verify if user able to redirect to a page having an tryEditor with a Run button to test"]]>
              </value>
            </param>
            <param index="1">
              <value>
                <![CDATA["Array"]]>
              </value>
            </param>
          </params>
          <reporter-output>
          </reporter-output>
        </test-method> <!-- runScenario -->
        <test-method signature="runScenario(io.cucumber.testng.PickleWrapper,io.cucumber.testng.FeatureWrapper)[pri:0, instance:testrunner.TestRunner@2254127a]" started-at="2024-08-23T09:47:55 IST" name="runScenario" description="Runs Cucumber Scenarios" data-provider="scenarios" finished-at="2024-08-23T09:49:15 IST" duration-ms="79871" status="PASS">
          <params>
            <param index="0">
              <value>
                <![CDATA["Verify if user able to see the output in console"]]>
              </value>
            </param>
            <param index="1">
              <value>
                <![CDATA["Array"]]>
              </value>
            </param>
          </params>
          <reporter-output>
          </reporter-output>
        </test-method> <!-- runScenario -->
        <test-method signature="runScenario(io.cucumber.testng.PickleWrapper,io.cucumber.testng.FeatureWrapper)[pri:0, instance:testrunner.TestRunner@2254127a]" started-at="2024-08-23T09:47:56 IST" name="runScenario" description="Runs Cucumber Scenarios" data-provider="scenarios" finished-at="2024-08-23T09:49:15 IST" duration-ms="79323" status="PASS">
          <params>
            <param index="0">
              <value>
                <![CDATA["Verify if user to see the error msg in pop up window"]]>
              </value>
            </param>
            <param index="1">
              <value>
                <![CDATA["Array"]]>
              </value>
            </param>
          </params>
          <reporter-output>
          </reporter-output>
        </test-method> <!-- runScenario -->
        <test-method signature="runScenario(io.cucumber.testng.PickleWrapper,io.cucumber.testng.FeatureWrapper)[pri:0, instance:testrunner.TestRunner@2254127a]" started-at="2024-08-23T09:48:00 IST" name="runScenario" description="Runs Cucumber Scenarios" data-provider="scenarios" finished-at="2024-08-23T09:49:15 IST" duration-ms="75058" status="PASS">
          <params>
            <param index="0">
              <value>
                <![CDATA["Verify if user able to redirect to Practice page"]]>
              </value>
            </param>
            <param index="1">
              <value>
                <![CDATA["Array"]]>
              </value>
            </param>
          </params>
          <reporter-output>
          </reporter-output>
        </test-method> <!-- runScenario -->
        <test-method signature="runScenario(io.cucumber.testng.PickleWrapper,io.cucumber.testng.FeatureWrapper)[pri:0, instance:testrunner.TestRunner@2254127a]" started-at="2024-08-23T09:48:00 IST" name="runScenario" description="Runs Cucumber Scenarios" data-provider="scenarios" finished-at="2024-08-23T09:49:15 IST" duration-ms="75174" status="PASS">
          <params>
            <param index="0">
              <value>
                <![CDATA["Verify if user able to select "Search the Array"in Array Practice page and redirect to  tryEditor page  with a Run button to test"]]>
              </value>
            </param>
            <param index="1">
              <value>
                <![CDATA["Array"]]>
              </value>
            </param>
          </params>
          <reporter-output>
          </reporter-output>
        </test-method> <!-- runScenario -->
        <test-method signature="runScenario(io.cucumber.testng.PickleWrapper,io.cucumber.testng.FeatureWrapper)[pri:0, instance:testrunner.TestRunner@2254127a]" started-at="2024-08-23T09:48:00 IST" name="runScenario" description="Runs Cucumber Scenarios" data-provider="scenarios" finished-at="2024-08-23T09:49:37 IST" duration-ms="97012" status="PASS">
          <params>
            <param index="0">
              <value>
                <![CDATA["Verify if user able to see the output in console"]]>
              </value>
            </param>
            <param index="1">
              <value>
                <![CDATA["Array"]]>
              </value>
            </param>
          </params>
          <reporter-output>
          </reporter-output>
        </test-method> <!-- runScenario -->
        <test-method signature="runScenario(io.cucumber.testng.PickleWrapper,io.cucumber.testng.FeatureWrapper)[pri:0, instance:testrunner.TestRunner@2254127a]" started-at="2024-08-23T09:48:08 IST" name="runScenario" description="Runs Cucumber Scenarios" data-provider="scenarios" finished-at="2024-08-23T09:49:34 IST" duration-ms="85380" status="PASS">
          <params>
            <param index="0">
              <value>
                <![CDATA["Verify if user to see the error msg in pop up window"]]>
              </value>
            </param>
            <param index="1">
              <value>
                <![CDATA["Array"]]>
              </value>
            </param>
          </params>
          <reporter-output>
          </reporter-output>
        </test-method> <!-- runScenario -->
        <test-method signature="runScenario(io.cucumber.testng.PickleWrapper,io.cucumber.testng.FeatureWrapper)[pri:0, instance:testrunner.TestRunner@2254127a]" started-at="2024-08-23T09:48:39 IST" name="runScenario" description="Runs Cucumber Scenarios" data-provider="scenarios" finished-at="2024-08-23T09:50:15 IST" duration-ms="96040" status="PASS">
          <params>
            <param index="0">
              <value>
                <![CDATA["Verify if user able to select "Max Consecutive Ones"in Array Practice page  and redirect to  tryEditor page  with a Run button to test"]]>
              </value>
            </param>
            <param index="1">
              <value>
                <![CDATA["Array"]]>
              </value>
            </param>
          </params>
          <reporter-output>
          </reporter-output>
        </test-method> <!-- runScenario -->
        <test-method signature="runScenario(io.cucumber.testng.PickleWrapper,io.cucumber.testng.FeatureWrapper)[pri:0, instance:testrunner.TestRunner@2254127a]" started-at="2024-08-23T09:48:49 IST" name="runScenario" description="Runs Cucumber Scenarios" data-provider="scenarios" finished-at="2024-08-23T09:50:41 IST" duration-ms="111447" status="PASS">
          <params>
            <param index="0">
              <value>
                <![CDATA["Verify if user able to see the output in console"]]>
              </value>
            </param>
            <param index="1">
              <value>
                <![CDATA["Array"]]>
              </value>
            </param>
          </params>
          <reporter-output>
          </reporter-output>
        </test-method> <!-- runScenario -->
        <test-method signature="runScenario(io.cucumber.testng.PickleWrapper,io.cucumber.testng.FeatureWrapper)[pri:0, instance:testrunner.TestRunner@2254127a]" started-at="2024-08-23T09:48:55 IST" name="runScenario" description="Runs Cucumber Scenarios" data-provider="scenarios" finished-at="2024-08-23T09:50:40 IST" duration-ms="104300" status="PASS">
          <params>
            <param index="0">
              <value>
                <![CDATA["Verify if user to see the error msg in pop up window"]]>
              </value>
            </param>
            <param index="1">
              <value>
                <![CDATA["Array"]]>
              </value>
            </param>
          </params>
          <reporter-output>
          </reporter-output>
        </test-method> <!-- runScenario -->
        <test-method signature="runScenario(io.cucumber.testng.PickleWrapper,io.cucumber.testng.FeatureWrapper)[pri:0, instance:testrunner.TestRunner@2254127a]" started-at="2024-08-23T09:49:15 IST" name="runScenario" description="Runs Cucumber Scenarios" data-provider="scenarios" finished-at="2024-08-23T09:51:12 IST" duration-ms="116436" status="PASS">
          <params>
            <param index="0">
              <value>
                <![CDATA["Verify if user able to see the output in console"]]>
              </value>
            </param>
            <param index="1">
              <value>
                <![CDATA["Array"]]>
              </value>
            </param>
          </params>
          <reporter-output>
          </reporter-output>
        </test-method> <!-- runScenario -->
        <test-method signature="runScenario(io.cucumber.testng.PickleWrapper,io.cucumber.testng.FeatureWrapper)[pri:0, instance:testrunner.TestRunner@2254127a]" started-at="2024-08-23T09:49:15 IST" name="runScenario" description="Runs Cucumber Scenarios" data-provider="scenarios" finished-at="2024-08-23T09:50:32 IST" duration-ms="77159" status="PASS">
          <params>
            <param index="0">
              <value>
                <![CDATA["Verify if user able to select "Find Numbers with Even Number of Digits" in Array Practice page  and redirect to  tryEditor page  with a Run button to test"]]>
              </value>
            </param>
            <param index="1">
              <value>
                <![CDATA["Array"]]>
              </value>
            </param>
          </params>
          <reporter-output>
          </reporter-output>
        </test-method> <!-- runScenario -->
        <test-method signature="runScenario(io.cucumber.testng.PickleWrapper,io.cucumber.testng.FeatureWrapper)[pri:0, instance:testrunner.TestRunner@2254127a]" started-at="2024-08-23T09:49:15 IST" name="runScenario" description="Runs Cucumber Scenarios" data-provider="scenarios" finished-at="2024-08-23T09:50:48 IST" duration-ms="93164" status="PASS">
          <params>
            <param index="0">
              <value>
                <![CDATA["Verify if user to see the error msg in pop up window"]]>
              </value>
            </param>
            <param index="1">
              <value>
                <![CDATA["Array"]]>
              </value>
            </param>
          </params>
          <reporter-output>
          </reporter-output>
        </test-method> <!-- runScenario -->
        <test-method signature="runScenario(io.cucumber.testng.PickleWrapper,io.cucumber.testng.FeatureWrapper)[pri:0, instance:testrunner.TestRunner@2254127a]" started-at="2024-08-23T09:49:15 IST" name="runScenario" description="Runs Cucumber Scenarios" data-provider="scenarios" finished-at="2024-08-23T09:50:32 IST" duration-ms="77238" status="PASS">
          <params>
            <param index="0">
              <value>
                <![CDATA["Verify if user able to select "Squares of  a Sorted Array" in Array Practice page  and redirect to  tryEditor page  with a Run button to test"]]>
              </value>
            </param>
            <param index="1">
              <value>
                <![CDATA["Array"]]>
              </value>
            </param>
          </params>
          <reporter-output>
          </reporter-output>
        </test-method> <!-- runScenario -->
        <test-method signature="runScenario(io.cucumber.testng.PickleWrapper,io.cucumber.testng.FeatureWrapper)[pri:0, instance:testrunner.TestRunner@2254127a]" started-at="2024-08-23T09:49:15 IST" name="runScenario" description="Runs Cucumber Scenarios" data-provider="scenarios" finished-at="2024-08-23T09:50:53 IST" duration-ms="97899" status="PASS">
          <params>
            <param index="0">
              <value>
                <![CDATA["Verify if user able to see the output in console"]]>
              </value>
            </param>
            <param index="1">
              <value>
                <![CDATA["Array"]]>
              </value>
            </param>
          </params>
          <reporter-output>
          </reporter-output>
        </test-method> <!-- runScenario -->
        <test-method signature="runScenario(io.cucumber.testng.PickleWrapper,io.cucumber.testng.FeatureWrapper)[pri:0, instance:testrunner.TestRunner@2254127a]" started-at="2024-08-23T09:49:34 IST" name="runScenario" description="Runs Cucumber Scenarios" data-provider="scenarios" finished-at="2024-08-23T09:51:27 IST" duration-ms="112580" status="PASS">
          <params>
            <param index="0">
              <value>
                <![CDATA["Verify if user to see the error msg in pop up window"]]>
              </value>
            </param>
            <param index="1">
              <value>
                <![CDATA["Array"]]>
              </value>
            </param>
          </params>
          <reporter-output>
          </reporter-output>
        </test-method> <!-- runScenario -->
        <test-method signature="runScenario(io.cucumber.testng.PickleWrapper,io.cucumber.testng.FeatureWrapper)[pri:0, instance:testrunner.TestRunner@2254127a]" started-at="2024-08-23T09:49:37 IST" name="runScenario" description="Runs Cucumber Scenarios" data-provider="scenarios" finished-at="2024-08-23T09:50:44 IST" duration-ms="67027" status="PASS">
          <params>
            <param index="0">
              <value>
                <![CDATA["Verify if user able to redirect to Practice page"]]>
              </value>
            </param>
            <param index="1">
              <value>
                <![CDATA["Array"]]>
              </value>
            </param>
          </params>
          <reporter-output>
          </reporter-output>
        </test-method> <!-- runScenario -->
        <test-method signature="runScenario(io.cucumber.testng.PickleWrapper,io.cucumber.testng.FeatureWrapper)[pri:0, instance:testrunner.TestRunner@2254127a]" started-at="2024-08-23T09:50:16 IST" name="runScenario" description="Runs Cucumber Scenarios" data-provider="scenarios" finished-at="2024-08-23T09:51:54 IST" duration-ms="97522" status="PASS">
          <params>
            <param index="0">
              <value>
                <![CDATA["Verify if user able to select "Search the Array"in Array Practice page and redirect to  tryEditor page  with a Run button to test"]]>
              </value>
            </param>
            <param index="1">
              <value>
                <![CDATA["Array"]]>
              </value>
            </param>
          </params>
          <reporter-output>
          </reporter-output>
        </test-method> <!-- runScenario -->
        <test-method signature="runScenario(io.cucumber.testng.PickleWrapper,io.cucumber.testng.FeatureWrapper)[pri:0, instance:testrunner.TestRunner@2254127a]" started-at="2024-08-23T09:50:32 IST" name="runScenario" description="Runs Cucumber Scenarios" data-provider="scenarios" finished-at="2024-08-23T09:52:14 IST" duration-ms="101418" status="PASS">
          <params>
            <param index="0">
              <value>
                <![CDATA["Verify if user able to see the output in console"]]>
              </value>
            </param>
            <param index="1">
              <value>
                <![CDATA["Array"]]>
              </value>
            </param>
          </params>
          <reporter-output>
          </reporter-output>
        </test-method> <!-- runScenario -->
        <test-method signature="runScenario(io.cucumber.testng.PickleWrapper,io.cucumber.testng.FeatureWrapper)[pri:0, instance:testrunner.TestRunner@2254127a]" started-at="2024-08-23T09:50:32 IST" name="runScenario" description="Runs Cucumber Scenarios" data-provider="scenarios" finished-at="2024-08-23T09:52:14 IST" duration-ms="101358" status="PASS">
          <params>
            <param index="0">
              <value>
                <![CDATA["Verify if user to see the error msg in pop up window"]]>
              </value>
            </param>
            <param index="1">
              <value>
                <![CDATA["Array"]]>
              </value>
            </param>
          </params>
          <reporter-output>
          </reporter-output>
        </test-method> <!-- runScenario -->
        <test-method signature="runScenario(io.cucumber.testng.PickleWrapper,io.cucumber.testng.FeatureWrapper)[pri:0, instance:testrunner.TestRunner@2254127a]" started-at="2024-08-23T09:50:40 IST" name="runScenario" description="Runs Cucumber Scenarios" data-provider="scenarios" finished-at="2024-08-23T09:51:53 IST" duration-ms="73356" status="PASS">
          <params>
            <param index="0">
              <value>
                <![CDATA["Verify if user able to select "Max Consecutive Ones"in Array Practice page  and redirect to  tryEditor page  with a Run button to test"]]>
              </value>
            </param>
            <param index="1">
              <value>
                <![CDATA["Array"]]>
              </value>
            </param>
          </params>
          <reporter-output>
          </reporter-output>
        </test-method> <!-- runScenario -->
        <test-method signature="runScenario(io.cucumber.testng.PickleWrapper,io.cucumber.testng.FeatureWrapper)[pri:0, instance:testrunner.TestRunner@2254127a]" started-at="2024-08-23T09:50:41 IST" name="runScenario" description="Runs Cucumber Scenarios" data-provider="scenarios" finished-at="2024-08-23T09:52:14 IST" duration-ms="93091" status="PASS">
          <params>
            <param index="0">
              <value>
                <![CDATA["Verify if user able to see the output in console"]]>
              </value>
            </param>
            <param index="1">
              <value>
                <![CDATA["Array"]]>
              </value>
            </param>
          </params>
          <reporter-output>
          </reporter-output>
        </test-method> <!-- runScenario -->
        <test-method signature="runScenario(io.cucumber.testng.PickleWrapper,io.cucumber.testng.FeatureWrapper)[pri:0, instance:testrunner.TestRunner@2254127a]" started-at="2024-08-23T09:50:44 IST" name="runScenario" description="Runs Cucumber Scenarios" data-provider="scenarios" finished-at="2024-08-23T09:52:13 IST" duration-ms="89106" status="PASS">
          <params>
            <param index="0">
              <value>
                <![CDATA["Verify if user to see the error msg in pop up window"]]>
              </value>
            </param>
            <param index="1">
              <value>
                <![CDATA["Array"]]>
              </value>
            </param>
          </params>
          <reporter-output>
          </reporter-output>
        </test-method> <!-- runScenario -->
        <test-method signature="runScenario(io.cucumber.testng.PickleWrapper,io.cucumber.testng.FeatureWrapper)[pri:0, instance:testrunner.TestRunner@2254127a]" started-at="2024-08-23T09:50:48 IST" name="runScenario" description="Runs Cucumber Scenarios" data-provider="scenarios" finished-at="2024-08-23T09:52:05 IST" duration-ms="77057" status="PASS">
          <params>
            <param index="0">
              <value>
                <![CDATA["Verify if user able to select "Find Numbers with Even Number of Digits" in Array Practice page  and redirect to  tryEditor page  with a Run button to test"]]>
              </value>
            </param>
            <param index="1">
              <value>
                <![CDATA["Array"]]>
              </value>
            </param>
          </params>
          <reporter-output>
          </reporter-output>
        </test-method> <!-- runScenario -->
        <test-method signature="runScenario(io.cucumber.testng.PickleWrapper,io.cucumber.testng.FeatureWrapper)[pri:0, instance:testrunner.TestRunner@2254127a]" started-at="2024-08-23T09:50:53 IST" name="runScenario" description="Runs Cucumber Scenarios" data-provider="scenarios" finished-at="2024-08-23T09:52:26 IST" duration-ms="92456" status="PASS">
          <params>
            <param index="0">
              <value>
                <![CDATA["Verify if user able to see the output in console"]]>
              </value>
            </param>
            <param index="1">
              <value>
                <![CDATA["Array"]]>
              </value>
            </param>
          </params>
          <reporter-output>
          </reporter-output>
        </test-method> <!-- runScenario -->
        <test-method signature="runScenario(io.cucumber.testng.PickleWrapper,io.cucumber.testng.FeatureWrapper)[pri:0, instance:testrunner.TestRunner@2254127a]" started-at="2024-08-23T09:51:12 IST" name="runScenario" description="Runs Cucumber Scenarios" data-provider="scenarios" finished-at="2024-08-23T09:53:03 IST" duration-ms="111205" status="PASS">
          <params>
            <param index="0">
              <value>
                <![CDATA["Verify if user to see the error msg in pop up window"]]>
              </value>
            </param>
            <param index="1">
              <value>
                <![CDATA["Array"]]>
              </value>
            </param>
          </params>
          <reporter-output>
          </reporter-output>
        </test-method> <!-- runScenario -->
        <test-method signature="runScenario(io.cucumber.testng.PickleWrapper,io.cucumber.testng.FeatureWrapper)[pri:0, instance:testrunner.TestRunner@2254127a]" started-at="2024-08-23T09:51:28 IST" name="runScenario" description="Runs Cucumber Scenarios" data-provider="scenarios" finished-at="2024-08-23T09:52:46 IST" duration-ms="78047" status="PASS">
          <params>
            <param index="0">
              <value>
                <![CDATA["Verify if user able to select "Squares of  a Sorted Array" in Array Practice page  and redirect to  tryEditor page  with a Run button to test"]]>
              </value>
            </param>
            <param index="1">
              <value>
                <![CDATA["Array"]]>
              </value>
            </param>
          </params>
          <reporter-output>
          </reporter-output>
        </test-method> <!-- runScenario -->
        <test-method signature="runScenario(io.cucumber.testng.PickleWrapper,io.cucumber.testng.FeatureWrapper)[pri:0, instance:testrunner.TestRunner@2254127a]" started-at="2024-08-23T09:51:54 IST" name="runScenario" description="Runs Cucumber Scenarios" data-provider="scenarios" finished-at="2024-08-23T09:53:41 IST" duration-ms="106834" status="PASS">
          <params>
            <param index="0">
              <value>
                <![CDATA["Verify if user able to see the output in console"]]>
              </value>
            </param>
            <param index="1">
              <value>
                <![CDATA["Array"]]>
              </value>
            </param>
          </params>
          <reporter-output>
          </reporter-output>
        </test-method> <!-- runScenario -->
        <test-method signature="runScenario(io.cucumber.testng.PickleWrapper,io.cucumber.testng.FeatureWrapper)[pri:0, instance:testrunner.TestRunner@2254127a]" started-at="2024-08-23T09:51:54 IST" name="runScenario" description="Runs Cucumber Scenarios" data-provider="scenarios" finished-at="2024-08-23T09:53:30 IST" duration-ms="96270" status="PASS">
          <params>
            <param index="0">
              <value>
                <![CDATA["Verify if user to see the error msg in pop up window"]]>
              </value>
            </param>
            <param index="1">
              <value>
                <![CDATA["Array"]]>
              </value>
            </param>
          </params>
          <reporter-output>
          </reporter-output>
        </test-method> <!-- runScenario -->
        <test-method signature="runScenario(io.cucumber.testng.PickleWrapper,io.cucumber.testng.FeatureWrapper)[pri:0, instance:testrunner.TestRunner@2254127a]" started-at="2024-08-23T09:52:06 IST" name="runScenario" description="Runs Cucumber Scenarios" data-provider="scenarios" finished-at="2024-08-23T09:53:01 IST" duration-ms="55780" status="PASS">
          <params>
            <param index="0">
              <value>
                <![CDATA["Verify if user able to redirect to Practice page"]]>
              </value>
            </param>
            <param index="1">
              <value>
                <![CDATA["Array"]]>
              </value>
            </param>
          </params>
          <reporter-output>
          </reporter-output>
        </test-method> <!-- runScenario -->
        <test-method signature="runScenario(io.cucumber.testng.PickleWrapper,io.cucumber.testng.FeatureWrapper)[pri:0, instance:testrunner.TestRunner@2254127a]" started-at="2024-08-23T09:52:13 IST" name="runScenario" description="Runs Cucumber Scenarios" data-provider="scenarios" finished-at="2024-08-23T09:53:31 IST" duration-ms="78140" status="PASS">
          <params>
            <param index="0">
              <value>
                <![CDATA["Verify if user able to select "Search the Array"in Array Practice page and redirect to  tryEditor page  with a Run button to test"]]>
              </value>
            </param>
            <param index="1">
              <value>
                <![CDATA["Array"]]>
              </value>
            </param>
          </params>
          <reporter-output>
          </reporter-output>
        </test-method> <!-- runScenario -->
        <test-method signature="runScenario(io.cucumber.testng.PickleWrapper,io.cucumber.testng.FeatureWrapper)[pri:0, instance:testrunner.TestRunner@2254127a]" started-at="2024-08-23T09:52:14 IST" name="runScenario" description="Runs Cucumber Scenarios" data-provider="scenarios" finished-at="2024-08-23T09:53:47 IST" duration-ms="93264" status="PASS">
          <params>
            <param index="0">
              <value>
                <![CDATA["Verify if user able to see the output in console"]]>
              </value>
            </param>
            <param index="1">
              <value>
                <![CDATA["Array"]]>
              </value>
            </param>
          </params>
          <reporter-output>
          </reporter-output>
        </test-method> <!-- runScenario -->
        <test-method signature="runScenario(io.cucumber.testng.PickleWrapper,io.cucumber.testng.FeatureWrapper)[pri:0, instance:testrunner.TestRunner@2254127a]" started-at="2024-08-23T09:52:14 IST" name="runScenario" description="Runs Cucumber Scenarios" data-provider="scenarios" finished-at="2024-08-23T09:53:45 IST" duration-ms="91428" status="PASS">
          <params>
            <param index="0">
              <value>
                <![CDATA["Verify if user to see the error msg in pop up window"]]>
              </value>
            </param>
            <param index="1">
              <value>
                <![CDATA["Array"]]>
              </value>
            </param>
          </params>
          <reporter-output>
          </reporter-output>
        </test-method> <!-- runScenario -->
        <test-method signature="runScenario(io.cucumber.testng.PickleWrapper,io.cucumber.testng.FeatureWrapper)[pri:0, instance:testrunner.TestRunner@2254127a]" started-at="2024-08-23T09:52:14 IST" name="runScenario" description="Runs Cucumber Scenarios" data-provider="scenarios" finished-at="2024-08-23T09:53:32 IST" duration-ms="78077" status="PASS">
          <params>
            <param index="0">
              <value>
                <![CDATA["Verify if user able to select "Max Consecutive Ones"in Array Practice page  and redirect to  tryEditor page  with a Run button to test"]]>
              </value>
            </param>
            <param index="1">
              <value>
                <![CDATA["Array"]]>
              </value>
            </param>
          </params>
          <reporter-output>
          </reporter-output>
        </test-method> <!-- runScenario -->
        <test-method signature="runScenario(io.cucumber.testng.PickleWrapper,io.cucumber.testng.FeatureWrapper)[pri:0, instance:testrunner.TestRunner@2254127a]" started-at="2024-08-23T09:52:26 IST" name="runScenario" description="Runs Cucumber Scenarios" data-provider="scenarios" finished-at="2024-08-23T09:54:14 IST" duration-ms="108167" status="PASS">
          <params>
            <param index="0">
              <value>
                <![CDATA["Verify if user able to see the output in console"]]>
              </value>
            </param>
            <param index="1">
              <value>
                <![CDATA["Array"]]>
              </value>
            </param>
          </params>
          <reporter-output>
          </reporter-output>
        </test-method> <!-- runScenario -->
        <test-method signature="runScenario(io.cucumber.testng.PickleWrapper,io.cucumber.testng.FeatureWrapper)[pri:0, instance:testrunner.TestRunner@2254127a]" started-at="2024-08-23T09:52:47 IST" name="runScenario" description="Runs Cucumber Scenarios" data-provider="scenarios" finished-at="2024-08-23T09:54:40 IST" duration-ms="112243" status="PASS">
          <params>
            <param index="0">
              <value>
                <![CDATA["Verify if user to see the error msg in pop up window"]]>
              </value>
            </param>
            <param index="1">
              <value>
                <![CDATA["Array"]]>
              </value>
            </param>
          </params>
          <reporter-output>
          </reporter-output>
        </test-method> <!-- runScenario -->
        <test-method signature="runScenario(io.cucumber.testng.PickleWrapper,io.cucumber.testng.FeatureWrapper)[pri:0, instance:testrunner.TestRunner@2254127a]" started-at="2024-08-23T09:53:02 IST" name="runScenario" description="Runs Cucumber Scenarios" data-provider="scenarios" finished-at="2024-08-23T09:54:19 IST" duration-ms="77737" status="PASS">
          <params>
            <param index="0">
              <value>
                <![CDATA["Verify if user able to select "Find Numbers with Even Number of Digits" in Array Practice page  and redirect to  tryEditor page  with a Run button to test"]]>
              </value>
            </param>
            <param index="1">
              <value>
                <![CDATA["Array"]]>
              </value>
            </param>
          </params>
          <reporter-output>
          </reporter-output>
        </test-method> <!-- runScenario -->
        <test-method signature="runScenario(io.cucumber.testng.PickleWrapper,io.cucumber.testng.FeatureWrapper)[pri:0, instance:testrunner.TestRunner@2254127a]" started-at="2024-08-23T09:53:03 IST" name="runScenario" description="Runs Cucumber Scenarios" data-provider="scenarios" finished-at="2024-08-23T09:54:40 IST" duration-ms="96368" status="PASS">
          <params>
            <param index="0">
              <value>
                <![CDATA["Verify if user able to see the output in console"]]>
              </value>
            </param>
            <param index="1">
              <value>
                <![CDATA["Array"]]>
              </value>
            </param>
          </params>
          <reporter-output>
          </reporter-output>
        </test-method> <!-- runScenario -->
        <test-method signature="runScenario(io.cucumber.testng.PickleWrapper,io.cucumber.testng.FeatureWrapper)[pri:0, instance:testrunner.TestRunner@2254127a]" started-at="2024-08-23T09:53:30 IST" name="runScenario" description="Runs Cucumber Scenarios" data-provider="scenarios" finished-at="2024-08-23T09:55:01 IST" duration-ms="91028" status="PASS">
          <params>
            <param index="0">
              <value>
                <![CDATA["Verify if user to see the error msg in pop up window"]]>
              </value>
            </param>
            <param index="1">
              <value>
                <![CDATA["Array"]]>
              </value>
            </param>
          </params>
          <reporter-output>
          </reporter-output>
        </test-method> <!-- runScenario -->
        <test-method signature="runScenario(io.cucumber.testng.PickleWrapper,io.cucumber.testng.FeatureWrapper)[pri:0, instance:testrunner.TestRunner@2254127a]" started-at="2024-08-23T09:53:32 IST" name="runScenario" description="Runs Cucumber Scenarios" data-provider="scenarios" finished-at="2024-08-23T09:54:45 IST" duration-ms="73025" status="PASS">
          <params>
            <param index="0">
              <value>
                <![CDATA["Verify if user able to select "Squares of  a Sorted Array" in Array Practice page  and redirect to  tryEditor page  with a Run button to test"]]>
              </value>
            </param>
            <param index="1">
              <value>
                <![CDATA["Array"]]>
              </value>
            </param>
          </params>
          <reporter-output>
          </reporter-output>
        </test-method> <!-- runScenario -->
        <test-method signature="runScenario(io.cucumber.testng.PickleWrapper,io.cucumber.testng.FeatureWrapper)[pri:0, instance:testrunner.TestRunner@2254127a]" started-at="2024-08-23T09:53:32 IST" name="runScenario" description="Runs Cucumber Scenarios" data-provider="scenarios" finished-at="2024-08-23T09:55:06 IST" duration-ms="94045" status="PASS">
          <params>
            <param index="0">
              <value>
                <![CDATA["Verify if user able to see the output in console"]]>
              </value>
            </param>
            <param index="1">
              <value>
                <![CDATA["Array"]]>
              </value>
            </param>
          </params>
          <reporter-output>
          </reporter-output>
        </test-method> <!-- runScenario -->
        <test-method signature="runScenario(io.cucumber.testng.PickleWrapper,io.cucumber.testng.FeatureWrapper)[pri:0, instance:testrunner.TestRunner@2254127a]" started-at="2024-08-23T09:53:41 IST" name="runScenario" description="Runs Cucumber Scenarios" data-provider="scenarios" finished-at="2024-08-23T09:55:01 IST" duration-ms="80540" status="PASS">
          <params>
            <param index="0">
              <value>
                <![CDATA["Verify if user to see the error msg in pop up window"]]>
              </value>
            </param>
            <param index="1">
              <value>
                <![CDATA["Array"]]>
              </value>
            </param>
          </params>
          <reporter-output>
          </reporter-output>
        </test-method> <!-- runScenario -->
        <test-method signature="runScenario(io.cucumber.testng.PickleWrapper,io.cucumber.testng.FeatureWrapper)[pri:0, instance:testrunner.TestRunner@2254127a]" started-at="2024-08-23T09:53:45 IST" name="runScenario" description="Runs Cucumber Scenarios" data-provider="scenarios" finished-at="2024-08-23T09:54:48 IST" duration-ms="62714" status="PASS">
          <params>
            <param index="0">
              <value>
                <![CDATA["Verify if user able to redirect to Practice page"]]>
              </value>
            </param>
            <param index="1">
              <value>
                <![CDATA["Array"]]>
              </value>
            </param>
          </params>
          <reporter-output>
          </reporter-output>
        </test-method> <!-- runScenario -->
        <test-method signature="runScenario(io.cucumber.testng.PickleWrapper,io.cucumber.testng.FeatureWrapper)[pri:0, instance:testrunner.TestRunner@2254127a]" started-at="2024-08-23T09:53:47 IST" name="runScenario" description="Runs Cucumber Scenarios" data-provider="scenarios" finished-at="2024-08-23T09:54:55 IST" duration-ms="68335" status="PASS">
          <params>
            <param index="0">
              <value>
                <![CDATA["Verify if user able to select "Search the Array"in Array Practice page and redirect to  tryEditor page  with a Run button to test"]]>
              </value>
            </param>
            <param index="1">
              <value>
                <![CDATA["Array"]]>
              </value>
            </param>
          </params>
          <reporter-output>
          </reporter-output>
        </test-method> <!-- runScenario -->
        <test-method signature="runScenario(io.cucumber.testng.PickleWrapper,io.cucumber.testng.FeatureWrapper)[pri:0, instance:testrunner.TestRunner@2254127a]" started-at="2024-08-23T09:54:15 IST" name="runScenario" description="Runs Cucumber Scenarios" data-provider="scenarios" finished-at="2024-08-23T09:56:31 IST" duration-ms="136577" status="PASS">
          <params>
            <param index="0">
              <value>
                <![CDATA["Verify if user able to see the output in console"]]>
              </value>
            </param>
            <param index="1">
              <value>
                <![CDATA["Array"]]>
              </value>
            </param>
          </params>
          <reporter-output>
          </reporter-output>
        </test-method> <!-- runScenario -->
        <test-method signature="runScenario(io.cucumber.testng.PickleWrapper,io.cucumber.testng.FeatureWrapper)[pri:0, instance:testrunner.TestRunner@2254127a]" started-at="2024-08-23T09:54:19 IST" name="runScenario" description="Runs Cucumber Scenarios" data-provider="scenarios" finished-at="2024-08-23T09:56:30 IST" duration-ms="130457" status="PASS">
          <params>
            <param index="0">
              <value>
                <![CDATA["Verify if user to see the error msg in pop up window"]]>
              </value>
            </param>
            <param index="1">
              <value>
                <![CDATA["Array"]]>
              </value>
            </param>
          </params>
          <reporter-output>
          </reporter-output>
        </test-method> <!-- runScenario -->
        <test-method signature="runScenario(io.cucumber.testng.PickleWrapper,io.cucumber.testng.FeatureWrapper)[pri:0, instance:testrunner.TestRunner@2254127a]" started-at="2024-08-23T09:54:41 IST" name="runScenario" description="Runs Cucumber Scenarios" data-provider="scenarios" finished-at="2024-08-23T09:56:17 IST" duration-ms="96483" status="PASS">
          <params>
            <param index="0">
              <value>
                <![CDATA["Verify if user able to select "Max Consecutive Ones"in Array Practice page  and redirect to  tryEditor page  with a Run button to test"]]>
              </value>
            </param>
            <param index="1">
              <value>
                <![CDATA["Array"]]>
              </value>
            </param>
          </params>
          <reporter-output>
          </reporter-output>
        </test-method> <!-- runScenario -->
        <test-method signature="runScenario(io.cucumber.testng.PickleWrapper,io.cucumber.testng.FeatureWrapper)[pri:0, instance:testrunner.TestRunner@2254127a]" started-at="2024-08-23T09:54:41 IST" name="runScenario" description="Runs Cucumber Scenarios" data-provider="scenarios" finished-at="2024-08-23T09:56:33 IST" duration-ms="111921" status="PASS">
          <params>
            <param index="0">
              <value>
                <![CDATA["Verify if user able to see the output in console"]]>
              </value>
            </param>
            <param index="1">
              <value>
                <![CDATA["Array"]]>
              </value>
            </param>
          </params>
          <reporter-output>
          </reporter-output>
        </test-method> <!-- runScenario -->
        <test-method signature="runScenario(io.cucumber.testng.PickleWrapper,io.cucumber.testng.FeatureWrapper)[pri:0, instance:testrunner.TestRunner@2254127a]" started-at="2024-08-23T09:54:45 IST" name="runScenario" description="Runs Cucumber Scenarios" data-provider="scenarios" finished-at="2024-08-23T09:56:31 IST" duration-ms="105999" status="PASS">
          <params>
            <param index="0">
              <value>
                <![CDATA["Verify if user to see the error msg in pop up window"]]>
              </value>
            </param>
            <param index="1">
              <value>
                <![CDATA["Array"]]>
              </value>
            </param>
          </params>
          <reporter-output>
          </reporter-output>
        </test-method> <!-- runScenario -->
        <test-method signature="runScenario(io.cucumber.testng.PickleWrapper,io.cucumber.testng.FeatureWrapper)[pri:0, instance:testrunner.TestRunner@2254127a]" started-at="2024-08-23T09:54:48 IST" name="runScenario" description="Runs Cucumber Scenarios" data-provider="scenarios" finished-at="2024-08-23T09:56:17 IST" duration-ms="89181" status="PASS">
          <params>
            <param index="0">
              <value>
                <![CDATA["Verify if user able to select "Find Numbers with Even Number of Digits" in Array Practice page  and redirect to  tryEditor page  with a Run button to test"]]>
              </value>
            </param>
            <param index="1">
              <value>
                <![CDATA["Array"]]>
              </value>
            </param>
          </params>
          <reporter-output>
          </reporter-output>
        </test-method> <!-- runScenario -->
        <test-method signature="runScenario(io.cucumber.testng.PickleWrapper,io.cucumber.testng.FeatureWrapper)[pri:0, instance:testrunner.TestRunner@2254127a]" started-at="2024-08-23T09:54:56 IST" name="runScenario" description="Runs Cucumber Scenarios" data-provider="scenarios" finished-at="2024-08-23T09:56:31 IST" duration-ms="95101" status="PASS">
          <params>
            <param index="0">
              <value>
                <![CDATA["Verify if user able to see the output in console"]]>
              </value>
            </param>
            <param index="1">
              <value>
                <![CDATA["Array"]]>
              </value>
            </param>
          </params>
          <reporter-output>
          </reporter-output>
        </test-method> <!-- runScenario -->
        <test-method signature="runScenario(io.cucumber.testng.PickleWrapper,io.cucumber.testng.FeatureWrapper)[pri:0, instance:testrunner.TestRunner@2254127a]" started-at="2024-08-23T09:55:01 IST" name="runScenario" description="Runs Cucumber Scenarios" data-provider="scenarios" finished-at="2024-08-23T09:56:30 IST" duration-ms="88720" status="PASS">
          <params>
            <param index="0">
              <value>
                <![CDATA["Verify if user to see the error msg in pop up window"]]>
              </value>
            </param>
            <param index="1">
              <value>
                <![CDATA["Array"]]>
              </value>
            </param>
          </params>
          <reporter-output>
          </reporter-output>
        </test-method> <!-- runScenario -->
        <test-method signature="runScenario(io.cucumber.testng.PickleWrapper,io.cucumber.testng.FeatureWrapper)[pri:0, instance:testrunner.TestRunner@2254127a]" started-at="2024-08-23T09:55:01 IST" name="runScenario" description="Runs Cucumber Scenarios" data-provider="scenarios" finished-at="2024-08-23T09:56:17 IST" duration-ms="75909" status="PASS">
          <params>
            <param index="0">
              <value>
                <![CDATA["Verify if user able to select "Squares of  a Sorted Array" in Array Practice page  and redirect to  tryEditor page  with a Run button to test"]]>
              </value>
            </param>
            <param index="1">
              <value>
                <![CDATA["Array"]]>
              </value>
            </param>
          </params>
          <reporter-output>
          </reporter-output>
        </test-method> <!-- runScenario -->
        <test-method signature="runScenario(io.cucumber.testng.PickleWrapper,io.cucumber.testng.FeatureWrapper)[pri:0, instance:testrunner.TestRunner@2254127a]" started-at="2024-08-23T09:55:06 IST" name="runScenario" description="Runs Cucumber Scenarios" data-provider="scenarios" finished-at="2024-08-23T09:56:50 IST" duration-ms="104266" status="PASS">
          <params>
            <param index="0">
              <value>
                <![CDATA["Verify if user able to see the output in console"]]>
              </value>
            </param>
            <param index="1">
              <value>
                <![CDATA["Array"]]>
              </value>
            </param>
          </params>
          <reporter-output>
          </reporter-output>
        </test-method> <!-- runScenario -->
        <test-method signature="runScenario(io.cucumber.testng.PickleWrapper,io.cucumber.testng.FeatureWrapper)[pri:0, instance:testrunner.TestRunner@2254127a]" started-at="2024-08-23T09:56:17 IST" name="runScenario" description="Runs Cucumber Scenarios" data-provider="scenarios" finished-at="2024-08-23T09:57:09 IST" duration-ms="52140" status="PASS">
          <params>
            <param index="0">
              <value>
                <![CDATA["Verify if user to see the error msg in pop up window"]]>
              </value>
            </param>
            <param index="1">
              <value>
                <![CDATA["Array"]]>
              </value>
            </param>
          </params>
          <reporter-output>
          </reporter-output>
        </test-method> <!-- runScenario -->
        <test-method is-config="true" signature="tearDownClass()[pri:0, instance:testrunner.TestRunner@2254127a]" started-at="2024-08-23T09:57:09 IST" name="tearDownClass" finished-at="2024-08-23T09:57:10 IST" duration-ms="952" status="PASS">
          <reporter-output>
          </reporter-output>
        </test-method> <!-- tearDownClass -->
      </class> <!-- testrunner.TestRunner -->
    </test> <!-- DSAlgo Project Execution -->
  </suite> <!-- Suite -->
</testng-results>
