<?xml version="1.0" encoding="UTF-8"?>
<testng-results ignored="0" total="28" passed="27" failed="1" skipped="0">
  <reporter-output>
  </reporter-output>
  <suite started-at="2024-08-24T07:29:20 IST" name="Suite" finished-at="2024-08-24T07:44:05 IST" duration-ms="885915">
    <groups>
      <group name="cucumber">
        <method signature="AbstractTestNGCucumberTests.runScenario(io.cucumber.testng.PickleWrapper,io.cucumber.testng.FeatureWrapper)[pri:0, instance:testrunner.FailedRunnerTests@1500b2f3]" name="runScenario" class="io.cucumber.testng.AbstractTestNGCucumberTests"/>
      </group> <!-- cucumber -->
    </groups>
    <test started-at="2024-08-24T07:29:20 IST" name="DSAlgo Project Execution in chrome" finished-at="2024-08-24T07:44:05 IST" duration-ms="885915">
      <class name="testrunner.FailedRunnerTests">
        <test-method is-config="true" signature="setUpClass(org.testng.ITestContext)[pri:0, instance:testrunner.FailedRunnerTests@1500b2f3]" started-at="2024-08-24T07:29:20 IST" name="setUpClass" finished-at="2024-08-24T07:29:22 IST" duration-ms="2648" status="PASS">
          <params>
            <param index="0">
              <value>
                <![CDATA[org.testng.TestRunner@16c069df]]>
              </value>
            </param>
          </params>
          <reporter-output>
          </reporter-output>
        </test-method> <!-- setUpClass -->
        <test-method signature="runScenario(io.cucumber.testng.PickleWrapper,io.cucumber.testng.FeatureWrapper)[pri:0, instance:testrunner.FailedRunnerTests@1500b2f3]" started-at="2024-08-24T07:29:22 IST" name="runScenario" description="Runs Cucumber Scenarios" data-provider="scenarios" finished-at="2024-08-24T07:29:48 IST" duration-ms="25633" status="FAIL">
          <params>
            <param index="0">
              <value>
                <![CDATA["Verify if user able to register with valid data"]]>
              </value>
            </param>
            <param index="1">
              <value>
                <![CDATA["Register"]]>
              </value>
            </param>
          </params>
          <exception class="java.lang.AssertionError">
            <message>
              <![CDATA[expected [New Account Created. You are logged in as gurdevdheena] but found [password_mismatch:The two password fields didn’t match.]]]>
            </message>
            <full-stacktrace>
              <![CDATA[java.lang.AssertionError: expected [New Account Created. You are logged in as gurdevdheena] but found [password_mismatch:The two password fields didn’t match.]
at org.testng.Assert.fail(Assert.java:111)
at org.testng.Assert.failNotEquals(Assert.java:1578)
at org.testng.Assert.assertEqualsImpl(Assert.java:150)
at org.testng.Assert.assertEquals(Assert.java:132)
at org.testng.Assert.assertEquals(Assert.java:656)
at org.testng.Assert.assertEquals(Assert.java:666)
at stepdefinition.DSalgoRegisterStepDefinition.the_user_should_be_redirected_to_home_page_of_ds_algo_and_the_user_should_able_to_see_successful_message_on_the_ds_algo_home_page(DSalgoRegisterStepDefinition.java:196)
at ✽.The user should be redirected to Home Page of DS Algo and The user should able to see  successful message "New Account Created. You are logged in as teamchallengers"  on  the DS Algo Home Page(file:///Users/mathumathibalakrishnan/eclipse/Mathumathi_2024/cucumberdsAlgo/src/test/resources/features/01_DSAlgoRegister.feature:53)
]]>
            </full-stacktrace>
          </exception> <!-- java.lang.AssertionError -->
          <reporter-output>
          </reporter-output>
        </test-method> <!-- runScenario -->
        <test-method signature="runScenario(io.cucumber.testng.PickleWrapper,io.cucumber.testng.FeatureWrapper)[pri:0, instance:testrunner.FailedRunnerTests@1500b2f3]" started-at="2024-08-24T07:29:48 IST" name="runScenario" description="Runs Cucumber Scenarios" data-provider="scenarios" finished-at="2024-08-24T07:30:28 IST" duration-ms="39679" status="PASS">
          <params>
            <param index="0">
              <value>
                <![CDATA["Verify if user able to see the output in console"]]>
              </value>
            </param>
            <param index="1">
              <value>
                <![CDATA["LinkedList"]]>
              </value>
            </param>
          </params>
          <reporter-output>
          </reporter-output>
        </test-method> <!-- runScenario -->
        <test-method signature="runScenario(io.cucumber.testng.PickleWrapper,io.cucumber.testng.FeatureWrapper)[pri:0, instance:testrunner.FailedRunnerTests@1500b2f3]" started-at="2024-08-24T07:30:28 IST" name="runScenario" description="Runs Cucumber Scenarios" data-provider="scenarios" finished-at="2024-08-24T07:31:04 IST" duration-ms="36553" status="PASS">
          <params>
            <param index="0">
              <value>
                <![CDATA["Verify if user able to see the output in console"]]>
              </value>
            </param>
            <param index="1">
              <value>
                <![CDATA["LinkedList"]]>
              </value>
            </param>
          </params>
          <reporter-output>
          </reporter-output>
        </test-method> <!-- runScenario -->
        <test-method signature="runScenario(io.cucumber.testng.PickleWrapper,io.cucumber.testng.FeatureWrapper)[pri:0, instance:testrunner.FailedRunnerTests@1500b2f3]" started-at="2024-08-24T07:31:04 IST" name="runScenario" description="Runs Cucumber Scenarios" data-provider="scenarios" finished-at="2024-08-24T07:31:42 IST" duration-ms="38218" status="PASS">
          <params>
            <param index="0">
              <value>
                <![CDATA["Verify if user able to see the output in console"]]>
              </value>
            </param>
            <param index="1">
              <value>
                <![CDATA["LinkedList"]]>
              </value>
            </param>
          </params>
          <reporter-output>
          </reporter-output>
        </test-method> <!-- runScenario -->
        <test-method signature="runScenario(io.cucumber.testng.PickleWrapper,io.cucumber.testng.FeatureWrapper)[pri:0, instance:testrunner.FailedRunnerTests@1500b2f3]" started-at="2024-08-24T07:31:42 IST" name="runScenario" description="Runs Cucumber Scenarios" data-provider="scenarios" finished-at="2024-08-24T07:32:14 IST" duration-ms="31642" status="PASS">
          <params>
            <param index="0">
              <value>
                <![CDATA["Verify if user able to see the output in console"]]>
              </value>
            </param>
            <param index="1">
              <value>
                <![CDATA["LinkedList"]]>
              </value>
            </param>
          </params>
          <reporter-output>
          </reporter-output>
        </test-method> <!-- runScenario -->
        <test-method signature="runScenario(io.cucumber.testng.PickleWrapper,io.cucumber.testng.FeatureWrapper)[pri:0, instance:testrunner.FailedRunnerTests@1500b2f3]" started-at="2024-08-24T07:32:14 IST" name="runScenario" description="Runs Cucumber Scenarios" data-provider="scenarios" finished-at="2024-08-24T07:32:48 IST" duration-ms="33840" status="PASS">
          <params>
            <param index="0">
              <value>
                <![CDATA["Verify if user able to see the output in console"]]>
              </value>
            </param>
            <param index="1">
              <value>
                <![CDATA["LinkedList"]]>
              </value>
            </param>
          </params>
          <reporter-output>
          </reporter-output>
        </test-method> <!-- runScenario -->
        <test-method signature="runScenario(io.cucumber.testng.PickleWrapper,io.cucumber.testng.FeatureWrapper)[pri:0, instance:testrunner.FailedRunnerTests@1500b2f3]" started-at="2024-08-24T07:32:48 IST" name="runScenario" description="Runs Cucumber Scenarios" data-provider="scenarios" finished-at="2024-08-24T07:33:22 IST" duration-ms="33834" status="PASS">
          <params>
            <param index="0">
              <value>
                <![CDATA["Verify if user able to see the output in console"]]>
              </value>
            </param>
            <param index="1">
              <value>
                <![CDATA["LinkedList"]]>
              </value>
            </param>
          </params>
          <reporter-output>
          </reporter-output>
        </test-method> <!-- runScenario -->
        <test-method signature="runScenario(io.cucumber.testng.PickleWrapper,io.cucumber.testng.FeatureWrapper)[pri:0, instance:testrunner.FailedRunnerTests@1500b2f3]" started-at="2024-08-24T07:33:22 IST" name="runScenario" description="Runs Cucumber Scenarios" data-provider="scenarios" finished-at="2024-08-24T07:33:53 IST" duration-ms="31110" status="PASS">
          <params>
            <param index="0">
              <value>
                <![CDATA["Verify if user able to see the output in console"]]>
              </value>
            </param>
            <param index="1">
              <value>
                <![CDATA["Queue"]]>
              </value>
            </param>
          </params>
          <reporter-output>
          </reporter-output>
        </test-method> <!-- runScenario -->
        <test-method signature="runScenario(io.cucumber.testng.PickleWrapper,io.cucumber.testng.FeatureWrapper)[pri:0, instance:testrunner.FailedRunnerTests@1500b2f3]" started-at="2024-08-24T07:33:53 IST" name="runScenario" description="Runs Cucumber Scenarios" data-provider="scenarios" finished-at="2024-08-24T07:34:18 IST" duration-ms="24897" status="PASS">
          <params>
            <param index="0">
              <value>
                <![CDATA["Verify if user able to see the output in console"]]>
              </value>
            </param>
            <param index="1">
              <value>
                <![CDATA["Queue"]]>
              </value>
            </param>
          </params>
          <reporter-output>
          </reporter-output>
        </test-method> <!-- runScenario -->
        <test-method signature="runScenario(io.cucumber.testng.PickleWrapper,io.cucumber.testng.FeatureWrapper)[pri:0, instance:testrunner.FailedRunnerTests@1500b2f3]" started-at="2024-08-24T07:34:18 IST" name="runScenario" description="Runs Cucumber Scenarios" data-provider="scenarios" finished-at="2024-08-24T07:34:48 IST" duration-ms="29795" status="PASS">
          <params>
            <param index="0">
              <value>
                <![CDATA["Verify if user able to see the output in console"]]>
              </value>
            </param>
            <param index="1">
              <value>
                <![CDATA["Queue"]]>
              </value>
            </param>
          </params>
          <reporter-output>
          </reporter-output>
        </test-method> <!-- runScenario -->
        <test-method signature="runScenario(io.cucumber.testng.PickleWrapper,io.cucumber.testng.FeatureWrapper)[pri:0, instance:testrunner.FailedRunnerTests@1500b2f3]" started-at="2024-08-24T07:34:48 IST" name="runScenario" description="Runs Cucumber Scenarios" data-provider="scenarios" finished-at="2024-08-24T07:35:16 IST" duration-ms="28271" status="PASS">
          <params>
            <param index="0">
              <value>
                <![CDATA["Verify if user able to see the output in console"]]>
              </value>
            </param>
            <param index="1">
              <value>
                <![CDATA["Queue"]]>
              </value>
            </param>
          </params>
          <reporter-output>
          </reporter-output>
        </test-method> <!-- runScenario -->
        <test-method signature="runScenario(io.cucumber.testng.PickleWrapper,io.cucumber.testng.FeatureWrapper)[pri:0, instance:testrunner.FailedRunnerTests@1500b2f3]" started-at="2024-08-24T07:35:16 IST" name="runScenario" description="Runs Cucumber Scenarios" data-provider="scenarios" finished-at="2024-08-24T07:35:48 IST" duration-ms="31809" status="PASS">
          <params>
            <param index="0">
              <value>
                <![CDATA["Verify if user able to see the output in console"]]>
              </value>
            </param>
            <param index="1">
              <value>
                <![CDATA["Stack"]]>
              </value>
            </param>
          </params>
          <reporter-output>
          </reporter-output>
        </test-method> <!-- runScenario -->
        <test-method signature="runScenario(io.cucumber.testng.PickleWrapper,io.cucumber.testng.FeatureWrapper)[pri:0, instance:testrunner.FailedRunnerTests@1500b2f3]" started-at="2024-08-24T07:35:48 IST" name="runScenario" description="Runs Cucumber Scenarios" data-provider="scenarios" finished-at="2024-08-24T07:36:19 IST" duration-ms="30820" status="PASS">
          <params>
            <param index="0">
              <value>
                <![CDATA["Verify if user able to see the output in console"]]>
              </value>
            </param>
            <param index="1">
              <value>
                <![CDATA["Stack"]]>
              </value>
            </param>
          </params>
          <reporter-output>
          </reporter-output>
        </test-method> <!-- runScenario -->
        <test-method signature="runScenario(io.cucumber.testng.PickleWrapper,io.cucumber.testng.FeatureWrapper)[pri:0, instance:testrunner.FailedRunnerTests@1500b2f3]" started-at="2024-08-24T07:36:19 IST" name="runScenario" description="Runs Cucumber Scenarios" data-provider="scenarios" finished-at="2024-08-24T07:36:55 IST" duration-ms="36305" status="PASS">
          <params>
            <param index="0">
              <value>
                <![CDATA["Verify if user able to see the output in console"]]>
              </value>
            </param>
            <param index="1">
              <value>
                <![CDATA["Stack"]]>
              </value>
            </param>
          </params>
          <reporter-output>
          </reporter-output>
        </test-method> <!-- runScenario -->
        <test-method signature="runScenario(io.cucumber.testng.PickleWrapper,io.cucumber.testng.FeatureWrapper)[pri:0, instance:testrunner.FailedRunnerTests@1500b2f3]" started-at="2024-08-24T07:36:55 IST" name="runScenario" description="Runs Cucumber Scenarios" data-provider="scenarios" finished-at="2024-08-24T07:37:32 IST" duration-ms="36923" status="PASS">
          <params>
            <param index="0">
              <value>
                <![CDATA["Verify if user able to see the output in console"]]>
              </value>
            </param>
            <param index="1">
              <value>
                <![CDATA["Tree"]]>
              </value>
            </param>
          </params>
          <reporter-output>
          </reporter-output>
        </test-method> <!-- runScenario -->
        <test-method signature="runScenario(io.cucumber.testng.PickleWrapper,io.cucumber.testng.FeatureWrapper)[pri:0, instance:testrunner.FailedRunnerTests@1500b2f3]" started-at="2024-08-24T07:37:32 IST" name="runScenario" description="Runs Cucumber Scenarios" data-provider="scenarios" finished-at="2024-08-24T07:37:59 IST" duration-ms="27698" status="PASS">
          <params>
            <param index="0">
              <value>
                <![CDATA["Verify if user able to see the output in console"]]>
              </value>
            </param>
            <param index="1">
              <value>
                <![CDATA["Tree"]]>
              </value>
            </param>
          </params>
          <reporter-output>
          </reporter-output>
        </test-method> <!-- runScenario -->
        <test-method signature="runScenario(io.cucumber.testng.PickleWrapper,io.cucumber.testng.FeatureWrapper)[pri:0, instance:testrunner.FailedRunnerTests@1500b2f3]" started-at="2024-08-24T07:37:59 IST" name="runScenario" description="Runs Cucumber Scenarios" data-provider="scenarios" finished-at="2024-08-24T07:38:30 IST" duration-ms="30451" status="PASS">
          <params>
            <param index="0">
              <value>
                <![CDATA["Verify if user able to see the output in console"]]>
              </value>
            </param>
            <param index="1">
              <value>
                <![CDATA["Tree"]]>
              </value>
            </param>
          </params>
          <reporter-output>
          </reporter-output>
        </test-method> <!-- runScenario -->
        <test-method signature="runScenario(io.cucumber.testng.PickleWrapper,io.cucumber.testng.FeatureWrapper)[pri:0, instance:testrunner.FailedRunnerTests@1500b2f3]" started-at="2024-08-24T07:38:30 IST" name="runScenario" description="Runs Cucumber Scenarios" data-provider="scenarios" finished-at="2024-08-24T07:39:00 IST" duration-ms="30341" status="PASS">
          <params>
            <param index="0">
              <value>
                <![CDATA["Verify if user able to see the output in console"]]>
              </value>
            </param>
            <param index="1">
              <value>
                <![CDATA["Tree"]]>
              </value>
            </param>
          </params>
          <reporter-output>
          </reporter-output>
        </test-method> <!-- runScenario -->
        <test-method signature="runScenario(io.cucumber.testng.PickleWrapper,io.cucumber.testng.FeatureWrapper)[pri:0, instance:testrunner.FailedRunnerTests@1500b2f3]" started-at="2024-08-24T07:39:00 IST" name="runScenario" description="Runs Cucumber Scenarios" data-provider="scenarios" finished-at="2024-08-24T07:39:29 IST" duration-ms="28625" status="PASS">
          <params>
            <param index="0">
              <value>
                <![CDATA["Verify if user able to see the output in console"]]>
              </value>
            </param>
            <param index="1">
              <value>
                <![CDATA["Tree"]]>
              </value>
            </param>
          </params>
          <reporter-output>
          </reporter-output>
        </test-method> <!-- runScenario -->
        <test-method signature="runScenario(io.cucumber.testng.PickleWrapper,io.cucumber.testng.FeatureWrapper)[pri:0, instance:testrunner.FailedRunnerTests@1500b2f3]" started-at="2024-08-24T07:39:29 IST" name="runScenario" description="Runs Cucumber Scenarios" data-provider="scenarios" finished-at="2024-08-24T07:40:01 IST" duration-ms="32256" status="PASS">
          <params>
            <param index="0">
              <value>
                <![CDATA["Verify if user able to see the output in console"]]>
              </value>
            </param>
            <param index="1">
              <value>
                <![CDATA["Tree"]]>
              </value>
            </param>
          </params>
          <reporter-output>
          </reporter-output>
        </test-method> <!-- runScenario -->
        <test-method signature="runScenario(io.cucumber.testng.PickleWrapper,io.cucumber.testng.FeatureWrapper)[pri:0, instance:testrunner.FailedRunnerTests@1500b2f3]" started-at="2024-08-24T07:40:01 IST" name="runScenario" description="Runs Cucumber Scenarios" data-provider="scenarios" finished-at="2024-08-24T07:40:34 IST" duration-ms="32736" status="PASS">
          <params>
            <param index="0">
              <value>
                <![CDATA["Verify if user able to see the output in console"]]>
              </value>
            </param>
            <param index="1">
              <value>
                <![CDATA["Tree"]]>
              </value>
            </param>
          </params>
          <reporter-output>
          </reporter-output>
        </test-method> <!-- runScenario -->
        <test-method signature="runScenario(io.cucumber.testng.PickleWrapper,io.cucumber.testng.FeatureWrapper)[pri:0, instance:testrunner.FailedRunnerTests@1500b2f3]" started-at="2024-08-24T07:40:34 IST" name="runScenario" description="Runs Cucumber Scenarios" data-provider="scenarios" finished-at="2024-08-24T07:41:01 IST" duration-ms="27065" status="PASS">
          <params>
            <param index="0">
              <value>
                <![CDATA["Verify if user able to see the output in console"]]>
              </value>
            </param>
            <param index="1">
              <value>
                <![CDATA["Tree"]]>
              </value>
            </param>
          </params>
          <reporter-output>
          </reporter-output>
        </test-method> <!-- runScenario -->
        <test-method signature="runScenario(io.cucumber.testng.PickleWrapper,io.cucumber.testng.FeatureWrapper)[pri:0, instance:testrunner.FailedRunnerTests@1500b2f3]" started-at="2024-08-24T07:41:01 IST" name="runScenario" description="Runs Cucumber Scenarios" data-provider="scenarios" finished-at="2024-08-24T07:41:32 IST" duration-ms="31463" status="PASS">
          <params>
            <param index="0">
              <value>
                <![CDATA["Verify if user able to see the output in console"]]>
              </value>
            </param>
            <param index="1">
              <value>
                <![CDATA["Tree"]]>
              </value>
            </param>
          </params>
          <reporter-output>
          </reporter-output>
        </test-method> <!-- runScenario -->
        <test-method signature="runScenario(io.cucumber.testng.PickleWrapper,io.cucumber.testng.FeatureWrapper)[pri:0, instance:testrunner.FailedRunnerTests@1500b2f3]" started-at="2024-08-24T07:41:32 IST" name="runScenario" description="Runs Cucumber Scenarios" data-provider="scenarios" finished-at="2024-08-24T07:42:06 IST" duration-ms="33092" status="PASS">
          <params>
            <param index="0">
              <value>
                <![CDATA["Verify if user able to see the output in console"]]>
              </value>
            </param>
            <param index="1">
              <value>
                <![CDATA["Tree"]]>
              </value>
            </param>
          </params>
          <reporter-output>
          </reporter-output>
        </test-method> <!-- runScenario -->
        <test-method signature="runScenario(io.cucumber.testng.PickleWrapper,io.cucumber.testng.FeatureWrapper)[pri:0, instance:testrunner.FailedRunnerTests@1500b2f3]" started-at="2024-08-24T07:42:06 IST" name="runScenario" description="Runs Cucumber Scenarios" data-provider="scenarios" finished-at="2024-08-24T07:42:43 IST" duration-ms="37776" status="PASS">
          <params>
            <param index="0">
              <value>
                <![CDATA["Verify if user able to see the output in console"]]>
              </value>
            </param>
            <param index="1">
              <value>
                <![CDATA["Tree"]]>
              </value>
            </param>
          </params>
          <reporter-output>
          </reporter-output>
        </test-method> <!-- runScenario -->
        <test-method signature="runScenario(io.cucumber.testng.PickleWrapper,io.cucumber.testng.FeatureWrapper)[pri:0, instance:testrunner.FailedRunnerTests@1500b2f3]" started-at="2024-08-24T07:42:43 IST" name="runScenario" description="Runs Cucumber Scenarios" data-provider="scenarios" finished-at="2024-08-24T07:43:14 IST" duration-ms="30589" status="PASS">
          <params>
            <param index="0">
              <value>
                <![CDATA["Verify if user able to see the output in console"]]>
              </value>
            </param>
            <param index="1">
              <value>
                <![CDATA["Tree"]]>
              </value>
            </param>
          </params>
          <reporter-output>
          </reporter-output>
        </test-method> <!-- runScenario -->
        <test-method signature="runScenario(io.cucumber.testng.PickleWrapper,io.cucumber.testng.FeatureWrapper)[pri:0, instance:testrunner.FailedRunnerTests@1500b2f3]" started-at="2024-08-24T07:43:14 IST" name="runScenario" description="Runs Cucumber Scenarios" data-provider="scenarios" finished-at="2024-08-24T07:43:47 IST" duration-ms="32621" status="PASS">
          <params>
            <param index="0">
              <value>
                <![CDATA["Verify if user able to see the output in console"]]>
              </value>
            </param>
            <param index="1">
              <value>
                <![CDATA["Tree"]]>
              </value>
            </param>
          </params>
          <reporter-output>
          </reporter-output>
        </test-method> <!-- runScenario -->
        <test-method signature="runScenario(io.cucumber.testng.PickleWrapper,io.cucumber.testng.FeatureWrapper)[pri:0, instance:testrunner.FailedRunnerTests@1500b2f3]" started-at="2024-08-24T07:43:47 IST" name="runScenario" description="Runs Cucumber Scenarios" data-provider="scenarios" finished-at="2024-08-24T07:44:04 IST" duration-ms="17882" status="PASS">
          <params>
            <param index="0">
              <value>
                <![CDATA["Verify if user able to "signout""]]>
              </value>
            </param>
            <param index="1">
              <value>
                <![CDATA["Signout"]]>
              </value>
            </param>
          </params>
          <reporter-output>
          </reporter-output>
        </test-method> <!-- runScenario -->
        <test-method is-config="true" signature="tearDownClass()[pri:0, instance:testrunner.FailedRunnerTests@1500b2f3]" started-at="2024-08-24T07:44:05 IST" name="tearDownClass" finished-at="2024-08-24T07:44:05 IST" duration-ms="870" status="PASS">
          <reporter-output>
          </reporter-output>
        </test-method> <!-- tearDownClass -->
      </class> <!-- testrunner.FailedRunnerTests -->
    </test> <!-- DSAlgo Project Execution in chrome -->
  </suite> <!-- Suite -->
</testng-results>
