<?xml version="1.0" encoding="UTF-8"?>
<testng-results ignored="0" total="40" passed="39" failed="1" skipped="0">
  <reporter-output>
  </reporter-output>
  <suite started-at="2024-08-22T17:35:51 IST" name="Suite" finished-at="2024-08-22T17:42:07 IST" duration-ms="376576">
    <groups>
      <group name="cucumber">
        <method signature="AbstractTestNGCucumberTests.runScenario(io.cucumber.testng.PickleWrapper,io.cucumber.testng.FeatureWrapper)[pri:0, instance:testrunner.TestRunner@2254127a]" name="runScenario" class="io.cucumber.testng.AbstractTestNGCucumberTests"/>
      </group> <!-- cucumber -->
    </groups>
    <test started-at="2024-08-22T17:35:51 IST" name="DSAlgo Project Execution" finished-at="2024-08-22T17:42:07 IST" duration-ms="376576">
      <class name="testrunner.TestRunner">
        <test-method is-config="true" signature="setUpClass(org.testng.ITestContext)[pri:0, instance:testrunner.TestRunner@2254127a]" started-at="2024-08-22T17:35:51 IST" name="setUpClass" finished-at="2024-08-22T17:35:52 IST" duration-ms="1314" status="PASS">
          <params>
            <param index="0">
              <value>
                <![CDATA[org.testng.TestRunner@7d94beb9]]>
              </value>
            </param>
          </params>
          <reporter-output>
          </reporter-output>
        </test-method> <!-- setUpClass -->
        <test-method is-config="true" signature="setup(java.lang.String)[pri:0, instance:testrunner.TestRunner@2254127a]" started-at="2024-08-22T17:35:52 IST" name="setup" finished-at="2024-08-22T17:36:01 IST" duration-ms="8516" status="PASS">
          <params>
            <param index="0">
              <value>
                <![CDATA[chrome]]>
              </value>
            </param>
          </params>
          <reporter-output>
          </reporter-output>
        </test-method> <!-- setup -->
        <test-method signature="runScenario(io.cucumber.testng.PickleWrapper,io.cucumber.testng.FeatureWrapper)[pri:0, instance:testrunner.TestRunner@2254127a]" started-at="2024-08-22T17:36:01 IST" name="runScenario" description="Runs Cucumber Scenarios" data-provider="scenarios" finished-at="2024-08-22T17:37:21 IST" duration-ms="79907" status="PASS">
          <params>
            <param index="0">
              <value>
                <![CDATA["Verify if user is on Home page and click on sign in"]]>
              </value>
            </param>
            <param index="1">
              <value>
                <![CDATA["Homepage"]]>
              </value>
            </param>
          </params>
          <reporter-output>
          </reporter-output>
        </test-method> <!-- runScenario -->
        <test-method signature="runScenario(io.cucumber.testng.PickleWrapper,io.cucumber.testng.FeatureWrapper)[pri:0, instance:testrunner.TestRunner@2254127a]" started-at="2024-08-22T17:36:01 IST" name="runScenario" description="Runs Cucumber Scenarios" data-provider="scenarios" finished-at="2024-08-22T17:36:57 IST" duration-ms="56610" status="PASS">
          <params>
            <param index="0">
              <value>
                <![CDATA["Verify if user able to signIn valid username and valid password"]]>
              </value>
            </param>
            <param index="1">
              <value>
                <![CDATA["SignIn Page"]]>
              </value>
            </param>
          </params>
          <reporter-output>
          </reporter-output>
        </test-method> <!-- runScenario -->
        <test-method signature="runScenario(io.cucumber.testng.PickleWrapper,io.cucumber.testng.FeatureWrapper)[pri:0, instance:testrunner.TestRunner@2254127a]" started-at="2024-08-22T17:36:01 IST" name="runScenario" description="Runs Cucumber Scenarios" data-provider="scenarios" finished-at="2024-08-22T17:37:41 IST" duration-ms="100065" status="PASS">
          <params>
            <param index="0">
              <value>
                <![CDATA["Verify if user able to see the output in console"]]>
              </value>
            </param>
            <param index="1">
              <value>
                <![CDATA["Array"]]>
              </value>
            </param>
          </params>
          <reporter-output>
          </reporter-output>
        </test-method> <!-- runScenario -->
        <test-method signature="runScenario(io.cucumber.testng.PickleWrapper,io.cucumber.testng.FeatureWrapper)[pri:0, instance:testrunner.TestRunner@2254127a]" started-at="2024-08-22T17:36:01 IST" name="runScenario" description="Runs Cucumber Scenarios" data-provider="scenarios" finished-at="2024-08-22T17:37:39 IST" duration-ms="98387" status="PASS">
          <params>
            <param index="0">
              <value>
                <![CDATA["Verify if user able to see the output in console"]]>
              </value>
            </param>
            <param index="1">
              <value>
                <![CDATA["Array"]]>
              </value>
            </param>
          </params>
          <reporter-output>
          </reporter-output>
        </test-method> <!-- runScenario -->
        <test-method signature="runScenario(io.cucumber.testng.PickleWrapper,io.cucumber.testng.FeatureWrapper)[pri:0, instance:testrunner.TestRunner@2254127a]" started-at="2024-08-22T17:36:01 IST" name="runScenario" description="Runs Cucumber Scenarios" data-provider="scenarios" finished-at="2024-08-22T17:37:41 IST" duration-ms="99925" status="PASS">
          <params>
            <param index="0">
              <value>
                <![CDATA["Verify if user able to see the output in console"]]>
              </value>
            </param>
            <param index="1">
              <value>
                <![CDATA["Array"]]>
              </value>
            </param>
          </params>
          <reporter-output>
          </reporter-output>
        </test-method> <!-- runScenario -->
        <test-method signature="runScenario(io.cucumber.testng.PickleWrapper,io.cucumber.testng.FeatureWrapper)[pri:0, instance:testrunner.TestRunner@2254127a]" started-at="2024-08-22T17:36:01 IST" name="runScenario" description="Runs Cucumber Scenarios" data-provider="scenarios" finished-at="2024-08-22T17:37:41 IST" duration-ms="100115" status="PASS">
          <params>
            <param index="0">
              <value>
                <![CDATA["Verify if user able to see the output in console"]]>
              </value>
            </param>
            <param index="1">
              <value>
                <![CDATA["Data Structures- Introduction"]]>
              </value>
            </param>
          </params>
          <reporter-output>
          </reporter-output>
        </test-method> <!-- runScenario -->
        <test-method signature="runScenario(io.cucumber.testng.PickleWrapper,io.cucumber.testng.FeatureWrapper)[pri:0, instance:testrunner.TestRunner@2254127a]" started-at="2024-08-22T17:36:01 IST" name="runScenario" description="Runs Cucumber Scenarios" data-provider="scenarios" finished-at="2024-08-22T17:37:20 IST" duration-ms="79361" status="PASS">
          <params>
            <param index="0">
              <value>
                <![CDATA["Verify if user is on Home page and click on Register"]]>
              </value>
            </param>
            <param index="1">
              <value>
                <![CDATA["Homepage"]]>
              </value>
            </param>
          </params>
          <reporter-output>
          </reporter-output>
        </test-method> <!-- runScenario -->
        <test-method signature="runScenario(io.cucumber.testng.PickleWrapper,io.cucumber.testng.FeatureWrapper)[pri:0, instance:testrunner.TestRunner@2254127a]" started-at="2024-08-22T17:36:01 IST" name="runScenario" description="Runs Cucumber Scenarios" data-provider="scenarios" finished-at="2024-08-22T17:36:57 IST" duration-ms="55900" status="FAIL">
          <params>
            <param index="0">
              <value>
                <![CDATA["Verify if user able to register with valid data"]]>
              </value>
            </param>
            <param index="1">
              <value>
                <![CDATA["Register"]]>
              </value>
            </param>
          </params>
          <exception class="java.lang.AssertionError">
            <message>
              <![CDATA[expected [New Account Created. You are logged in as gurdevdheena] but found [password_mismatch:The two password fields didn’t match.]]]>
            </message>
            <full-stacktrace>
              <![CDATA[java.lang.AssertionError: expected [New Account Created. You are logged in as gurdevdheena] but found [password_mismatch:The two password fields didn’t match.]
at org.testng.Assert.fail(Assert.java:111)
at org.testng.Assert.failNotEquals(Assert.java:1578)
at org.testng.Assert.assertEqualsImpl(Assert.java:150)
at org.testng.Assert.assertEquals(Assert.java:132)
at org.testng.Assert.assertEquals(Assert.java:656)
at org.testng.Assert.assertEquals(Assert.java:666)
at stepdefinition.DSalgoRegisterStepDefinition.the_user_should_be_redirected_to_home_page_of_ds_algo_and_the_user_should_able_to_see_successful_message_on_the_ds_algo_home_page(DSalgoRegisterStepDefinition.java:196)
at ✽.The user should be redirected to Home Page of DS Algo and The user should able to see  successful message "New Account Created. You are logged in as teamchallengers"  on  the DS Algo Home Page(file:///Users/mathumathibalakrishnan/eclipse/Mathumathi_2024/cucumberdsAlgo/src/test/resources/features/01_DSAlgoRegister.feature:53)
]]>
            </full-stacktrace>
          </exception> <!-- java.lang.AssertionError -->
          <reporter-output>
          </reporter-output>
        </test-method> <!-- runScenario -->
        <test-method signature="runScenario(io.cucumber.testng.PickleWrapper,io.cucumber.testng.FeatureWrapper)[pri:0, instance:testrunner.TestRunner@2254127a]" started-at="2024-08-22T17:36:01 IST" name="runScenario" description="Runs Cucumber Scenarios" data-provider="scenarios" finished-at="2024-08-22T17:37:44 IST" duration-ms="103513" status="PASS">
          <params>
            <param index="0">
              <value>
                <![CDATA["Verify if user able to see the output in console"]]>
              </value>
            </param>
            <param index="1">
              <value>
                <![CDATA["Array"]]>
              </value>
            </param>
          </params>
          <reporter-output>
          </reporter-output>
        </test-method> <!-- runScenario -->
        <test-method signature="runScenario(io.cucumber.testng.PickleWrapper,io.cucumber.testng.FeatureWrapper)[pri:0, instance:testrunner.TestRunner@2254127a]" started-at="2024-08-22T17:36:01 IST" name="runScenario" description="Runs Cucumber Scenarios" data-provider="scenarios" finished-at="2024-08-22T17:37:50 IST" duration-ms="109666" status="PASS">
          <params>
            <param index="0">
              <value>
                <![CDATA["Verify if user able to see the output in console"]]>
              </value>
            </param>
            <param index="1">
              <value>
                <![CDATA["Array"]]>
              </value>
            </param>
          </params>
          <reporter-output>
          </reporter-output>
        </test-method> <!-- runScenario -->
        <test-method signature="runScenario(io.cucumber.testng.PickleWrapper,io.cucumber.testng.FeatureWrapper)[pri:0, instance:testrunner.TestRunner@2254127a]" started-at="2024-08-22T17:36:58 IST" name="runScenario" description="Runs Cucumber Scenarios" data-provider="scenarios" finished-at="2024-08-22T17:39:05 IST" duration-ms="126852" status="PASS">
          <params>
            <param index="0">
              <value>
                <![CDATA["Verify if user able to see the output in console"]]>
              </value>
            </param>
            <param index="1">
              <value>
                <![CDATA["Graph"]]>
              </value>
            </param>
          </params>
          <reporter-output>
          </reporter-output>
        </test-method> <!-- runScenario -->
        <test-method signature="runScenario(io.cucumber.testng.PickleWrapper,io.cucumber.testng.FeatureWrapper)[pri:0, instance:testrunner.TestRunner@2254127a]" started-at="2024-08-22T17:36:58 IST" name="runScenario" description="Runs Cucumber Scenarios" data-provider="scenarios" finished-at="2024-08-22T17:39:13 IST" duration-ms="134765" status="PASS">
          <params>
            <param index="0">
              <value>
                <![CDATA["Verify if user able to see the output in console"]]>
              </value>
            </param>
            <param index="1">
              <value>
                <![CDATA["Graph"]]>
              </value>
            </param>
          </params>
          <reporter-output>
          </reporter-output>
        </test-method> <!-- runScenario -->
        <test-method signature="runScenario(io.cucumber.testng.PickleWrapper,io.cucumber.testng.FeatureWrapper)[pri:0, instance:testrunner.TestRunner@2254127a]" started-at="2024-08-22T17:37:20 IST" name="runScenario" description="Runs Cucumber Scenarios" data-provider="scenarios" finished-at="2024-08-22T17:39:05 IST" duration-ms="104965" status="PASS">
          <params>
            <param index="0">
              <value>
                <![CDATA["Verify if user able to see the output in console"]]>
              </value>
            </param>
            <param index="1">
              <value>
                <![CDATA["LinkedList"]]>
              </value>
            </param>
          </params>
          <reporter-output>
          </reporter-output>
        </test-method> <!-- runScenario -->
        <test-method signature="runScenario(io.cucumber.testng.PickleWrapper,io.cucumber.testng.FeatureWrapper)[pri:0, instance:testrunner.TestRunner@2254127a]" started-at="2024-08-22T17:37:21 IST" name="runScenario" description="Runs Cucumber Scenarios" data-provider="scenarios" finished-at="2024-08-22T17:39:05 IST" duration-ms="104661" status="PASS">
          <params>
            <param index="0">
              <value>
                <![CDATA["Verify if user able to see the output in console"]]>
              </value>
            </param>
            <param index="1">
              <value>
                <![CDATA["LinkedList"]]>
              </value>
            </param>
          </params>
          <reporter-output>
          </reporter-output>
        </test-method> <!-- runScenario -->
        <test-method signature="runScenario(io.cucumber.testng.PickleWrapper,io.cucumber.testng.FeatureWrapper)[pri:0, instance:testrunner.TestRunner@2254127a]" started-at="2024-08-22T17:37:40 IST" name="runScenario" description="Runs Cucumber Scenarios" data-provider="scenarios" finished-at="2024-08-22T17:39:06 IST" duration-ms="85268" status="PASS">
          <params>
            <param index="0">
              <value>
                <![CDATA["Verify if user able to see the output in console"]]>
              </value>
            </param>
            <param index="1">
              <value>
                <![CDATA["LinkedList"]]>
              </value>
            </param>
          </params>
          <reporter-output>
          </reporter-output>
        </test-method> <!-- runScenario -->
        <test-method signature="runScenario(io.cucumber.testng.PickleWrapper,io.cucumber.testng.FeatureWrapper)[pri:0, instance:testrunner.TestRunner@2254127a]" started-at="2024-08-22T17:37:41 IST" name="runScenario" description="Runs Cucumber Scenarios" data-provider="scenarios" finished-at="2024-08-22T17:39:07 IST" duration-ms="86747" status="PASS">
          <params>
            <param index="0">
              <value>
                <![CDATA["Verify if user able to see the output in console"]]>
              </value>
            </param>
            <param index="1">
              <value>
                <![CDATA["LinkedList"]]>
              </value>
            </param>
          </params>
          <reporter-output>
          </reporter-output>
        </test-method> <!-- runScenario -->
        <test-method signature="runScenario(io.cucumber.testng.PickleWrapper,io.cucumber.testng.FeatureWrapper)[pri:0, instance:testrunner.TestRunner@2254127a]" started-at="2024-08-22T17:37:41 IST" name="runScenario" description="Runs Cucumber Scenarios" data-provider="scenarios" finished-at="2024-08-22T17:39:05 IST" duration-ms="84361" status="PASS">
          <params>
            <param index="0">
              <value>
                <![CDATA["Verify if user able to see the output in console"]]>
              </value>
            </param>
            <param index="1">
              <value>
                <![CDATA["LinkedList"]]>
              </value>
            </param>
          </params>
          <reporter-output>
          </reporter-output>
        </test-method> <!-- runScenario -->
        <test-method signature="runScenario(io.cucumber.testng.PickleWrapper,io.cucumber.testng.FeatureWrapper)[pri:0, instance:testrunner.TestRunner@2254127a]" started-at="2024-08-22T17:37:41 IST" name="runScenario" description="Runs Cucumber Scenarios" data-provider="scenarios" finished-at="2024-08-22T17:39:05 IST" duration-ms="84588" status="PASS">
          <params>
            <param index="0">
              <value>
                <![CDATA["Verify if user able to see the output in console"]]>
              </value>
            </param>
            <param index="1">
              <value>
                <![CDATA["LinkedList"]]>
              </value>
            </param>
          </params>
          <reporter-output>
          </reporter-output>
        </test-method> <!-- runScenario -->
        <test-method signature="runScenario(io.cucumber.testng.PickleWrapper,io.cucumber.testng.FeatureWrapper)[pri:0, instance:testrunner.TestRunner@2254127a]" started-at="2024-08-22T17:37:44 IST" name="runScenario" description="Runs Cucumber Scenarios" data-provider="scenarios" finished-at="2024-08-22T17:39:06 IST" duration-ms="81325" status="PASS">
          <params>
            <param index="0">
              <value>
                <![CDATA["Verify if user able to see the output in console"]]>
              </value>
            </param>
            <param index="1">
              <value>
                <![CDATA["LinkedList"]]>
              </value>
            </param>
          </params>
          <reporter-output>
          </reporter-output>
        </test-method> <!-- runScenario -->
        <test-method signature="runScenario(io.cucumber.testng.PickleWrapper,io.cucumber.testng.FeatureWrapper)[pri:0, instance:testrunner.TestRunner@2254127a]" started-at="2024-08-22T17:37:50 IST" name="runScenario" description="Runs Cucumber Scenarios" data-provider="scenarios" finished-at="2024-08-22T17:39:22 IST" duration-ms="91609" status="PASS">
          <params>
            <param index="0">
              <value>
                <![CDATA["Verify if user able to see the output in console"]]>
              </value>
            </param>
            <param index="1">
              <value>
                <![CDATA["Queue"]]>
              </value>
            </param>
          </params>
          <reporter-output>
          </reporter-output>
        </test-method> <!-- runScenario -->
        <test-method signature="runScenario(io.cucumber.testng.PickleWrapper,io.cucumber.testng.FeatureWrapper)[pri:0, instance:testrunner.TestRunner@2254127a]" started-at="2024-08-22T17:39:05 IST" name="runScenario" description="Runs Cucumber Scenarios" data-provider="scenarios" finished-at="2024-08-22T17:40:29 IST" duration-ms="83204" status="PASS">
          <params>
            <param index="0">
              <value>
                <![CDATA["Verify if user able to see the output in console"]]>
              </value>
            </param>
            <param index="1">
              <value>
                <![CDATA["Queue"]]>
              </value>
            </param>
          </params>
          <reporter-output>
          </reporter-output>
        </test-method> <!-- runScenario -->
        <test-method signature="runScenario(io.cucumber.testng.PickleWrapper,io.cucumber.testng.FeatureWrapper)[pri:0, instance:testrunner.TestRunner@2254127a]" started-at="2024-08-22T17:39:05 IST" name="runScenario" description="Runs Cucumber Scenarios" data-provider="scenarios" finished-at="2024-08-22T17:40:29 IST" duration-ms="83639" status="PASS">
          <params>
            <param index="0">
              <value>
                <![CDATA["Verify if user able to see the output in console"]]>
              </value>
            </param>
            <param index="1">
              <value>
                <![CDATA["Queue"]]>
              </value>
            </param>
          </params>
          <reporter-output>
          </reporter-output>
        </test-method> <!-- runScenario -->
        <test-method signature="runScenario(io.cucumber.testng.PickleWrapper,io.cucumber.testng.FeatureWrapper)[pri:0, instance:testrunner.TestRunner@2254127a]" started-at="2024-08-22T17:39:05 IST" name="runScenario" description="Runs Cucumber Scenarios" data-provider="scenarios" finished-at="2024-08-22T17:40:29 IST" duration-ms="83684" status="PASS">
          <params>
            <param index="0">
              <value>
                <![CDATA["Verify if user able to see the output in console"]]>
              </value>
            </param>
            <param index="1">
              <value>
                <![CDATA["Queue"]]>
              </value>
            </param>
          </params>
          <reporter-output>
          </reporter-output>
        </test-method> <!-- runScenario -->
        <test-method signature="runScenario(io.cucumber.testng.PickleWrapper,io.cucumber.testng.FeatureWrapper)[pri:0, instance:testrunner.TestRunner@2254127a]" started-at="2024-08-22T17:39:06 IST" name="runScenario" description="Runs Cucumber Scenarios" data-provider="scenarios" finished-at="2024-08-22T17:40:30 IST" duration-ms="84422" status="PASS">
          <params>
            <param index="0">
              <value>
                <![CDATA["Verify if user able to see the output in console"]]>
              </value>
            </param>
            <param index="1">
              <value>
                <![CDATA["Stack"]]>
              </value>
            </param>
          </params>
          <reporter-output>
          </reporter-output>
        </test-method> <!-- runScenario -->
        <test-method signature="runScenario(io.cucumber.testng.PickleWrapper,io.cucumber.testng.FeatureWrapper)[pri:0, instance:testrunner.TestRunner@2254127a]" started-at="2024-08-22T17:39:06 IST" name="runScenario" description="Runs Cucumber Scenarios" data-provider="scenarios" finished-at="2024-08-22T17:40:34 IST" duration-ms="88400" status="PASS">
          <params>
            <param index="0">
              <value>
                <![CDATA["Verify if user able to see the output in console"]]>
              </value>
            </param>
            <param index="1">
              <value>
                <![CDATA["Stack"]]>
              </value>
            </param>
          </params>
          <reporter-output>
          </reporter-output>
        </test-method> <!-- runScenario -->
        <test-method signature="runScenario(io.cucumber.testng.PickleWrapper,io.cucumber.testng.FeatureWrapper)[pri:0, instance:testrunner.TestRunner@2254127a]" started-at="2024-08-22T17:39:06 IST" name="runScenario" description="Runs Cucumber Scenarios" data-provider="scenarios" finished-at="2024-08-22T17:40:30 IST" duration-ms="84402" status="PASS">
          <params>
            <param index="0">
              <value>
                <![CDATA["Verify if user able to see the output in console"]]>
              </value>
            </param>
            <param index="1">
              <value>
                <![CDATA["Stack"]]>
              </value>
            </param>
          </params>
          <reporter-output>
          </reporter-output>
        </test-method> <!-- runScenario -->
        <test-method signature="runScenario(io.cucumber.testng.PickleWrapper,io.cucumber.testng.FeatureWrapper)[pri:0, instance:testrunner.TestRunner@2254127a]" started-at="2024-08-22T17:39:06 IST" name="runScenario" description="Runs Cucumber Scenarios" data-provider="scenarios" finished-at="2024-08-22T17:40:29 IST" duration-ms="83110" status="PASS">
          <params>
            <param index="0">
              <value>
                <![CDATA["Verify if user able to see the output in console"]]>
              </value>
            </param>
            <param index="1">
              <value>
                <![CDATA["Tree"]]>
              </value>
            </param>
          </params>
          <reporter-output>
          </reporter-output>
        </test-method> <!-- runScenario -->
        <test-method signature="runScenario(io.cucumber.testng.PickleWrapper,io.cucumber.testng.FeatureWrapper)[pri:0, instance:testrunner.TestRunner@2254127a]" started-at="2024-08-22T17:39:07 IST" name="runScenario" description="Runs Cucumber Scenarios" data-provider="scenarios" finished-at="2024-08-22T17:40:29 IST" duration-ms="81271" status="PASS">
          <params>
            <param index="0">
              <value>
                <![CDATA["Verify if user able to see the output in console"]]>
              </value>
            </param>
            <param index="1">
              <value>
                <![CDATA["Tree"]]>
              </value>
            </param>
          </params>
          <reporter-output>
          </reporter-output>
        </test-method> <!-- runScenario -->
        <test-method signature="runScenario(io.cucumber.testng.PickleWrapper,io.cucumber.testng.FeatureWrapper)[pri:0, instance:testrunner.TestRunner@2254127a]" started-at="2024-08-22T17:39:13 IST" name="runScenario" description="Runs Cucumber Scenarios" data-provider="scenarios" finished-at="2024-08-22T17:40:46 IST" duration-ms="92971" status="PASS">
          <params>
            <param index="0">
              <value>
                <![CDATA["Verify if user able to see the output in console"]]>
              </value>
            </param>
            <param index="1">
              <value>
                <![CDATA["Tree"]]>
              </value>
            </param>
          </params>
          <reporter-output>
          </reporter-output>
        </test-method> <!-- runScenario -->
        <test-method signature="runScenario(io.cucumber.testng.PickleWrapper,io.cucumber.testng.FeatureWrapper)[pri:0, instance:testrunner.TestRunner@2254127a]" started-at="2024-08-22T17:39:22 IST" name="runScenario" description="Runs Cucumber Scenarios" data-provider="scenarios" finished-at="2024-08-22T17:40:46 IST" duration-ms="83567" status="PASS">
          <params>
            <param index="0">
              <value>
                <![CDATA["Verify if user able to see the output in console"]]>
              </value>
            </param>
            <param index="1">
              <value>
                <![CDATA["Tree"]]>
              </value>
            </param>
          </params>
          <reporter-output>
          </reporter-output>
        </test-method> <!-- runScenario -->
        <test-method signature="runScenario(io.cucumber.testng.PickleWrapper,io.cucumber.testng.FeatureWrapper)[pri:0, instance:testrunner.TestRunner@2254127a]" started-at="2024-08-22T17:40:29 IST" name="runScenario" description="Runs Cucumber Scenarios" data-provider="scenarios" finished-at="2024-08-22T17:41:46 IST" duration-ms="76890" status="PASS">
          <params>
            <param index="0">
              <value>
                <![CDATA["Verify if user able to see the output in console"]]>
              </value>
            </param>
            <param index="1">
              <value>
                <![CDATA["Tree"]]>
              </value>
            </param>
          </params>
          <reporter-output>
          </reporter-output>
        </test-method> <!-- runScenario -->
        <test-method signature="runScenario(io.cucumber.testng.PickleWrapper,io.cucumber.testng.FeatureWrapper)[pri:0, instance:testrunner.TestRunner@2254127a]" started-at="2024-08-22T17:40:29 IST" name="runScenario" description="Runs Cucumber Scenarios" data-provider="scenarios" finished-at="2024-08-22T17:41:46 IST" duration-ms="76860" status="PASS">
          <params>
            <param index="0">
              <value>
                <![CDATA["Verify if user able to see the output in console"]]>
              </value>
            </param>
            <param index="1">
              <value>
                <![CDATA["Tree"]]>
              </value>
            </param>
          </params>
          <reporter-output>
          </reporter-output>
        </test-method> <!-- runScenario -->
        <test-method signature="runScenario(io.cucumber.testng.PickleWrapper,io.cucumber.testng.FeatureWrapper)[pri:0, instance:testrunner.TestRunner@2254127a]" started-at="2024-08-22T17:40:29 IST" name="runScenario" description="Runs Cucumber Scenarios" data-provider="scenarios" finished-at="2024-08-22T17:42:03 IST" duration-ms="93502" status="PASS">
          <params>
            <param index="0">
              <value>
                <![CDATA["Verify if user able to see the output in console"]]>
              </value>
            </param>
            <param index="1">
              <value>
                <![CDATA["Tree"]]>
              </value>
            </param>
          </params>
          <reporter-output>
          </reporter-output>
        </test-method> <!-- runScenario -->
        <test-method signature="runScenario(io.cucumber.testng.PickleWrapper,io.cucumber.testng.FeatureWrapper)[pri:0, instance:testrunner.TestRunner@2254127a]" started-at="2024-08-22T17:40:29 IST" name="runScenario" description="Runs Cucumber Scenarios" data-provider="scenarios" finished-at="2024-08-22T17:41:46 IST" duration-ms="76880" status="PASS">
          <params>
            <param index="0">
              <value>
                <![CDATA["Verify if user able to see the output in console"]]>
              </value>
            </param>
            <param index="1">
              <value>
                <![CDATA["Tree"]]>
              </value>
            </param>
          </params>
          <reporter-output>
          </reporter-output>
        </test-method> <!-- runScenario -->
        <test-method signature="runScenario(io.cucumber.testng.PickleWrapper,io.cucumber.testng.FeatureWrapper)[pri:0, instance:testrunner.TestRunner@2254127a]" started-at="2024-08-22T17:40:29 IST" name="runScenario" description="Runs Cucumber Scenarios" data-provider="scenarios" finished-at="2024-08-22T17:42:05 IST" duration-ms="95457" status="PASS">
          <params>
            <param index="0">
              <value>
                <![CDATA["Verify if user able to see the output in console"]]>
              </value>
            </param>
            <param index="1">
              <value>
                <![CDATA["Tree"]]>
              </value>
            </param>
          </params>
          <reporter-output>
          </reporter-output>
        </test-method> <!-- runScenario -->
        <test-method signature="runScenario(io.cucumber.testng.PickleWrapper,io.cucumber.testng.FeatureWrapper)[pri:0, instance:testrunner.TestRunner@2254127a]" started-at="2024-08-22T17:40:30 IST" name="runScenario" description="Runs Cucumber Scenarios" data-provider="scenarios" finished-at="2024-08-22T17:41:46 IST" duration-ms="76079" status="PASS">
          <params>
            <param index="0">
              <value>
                <![CDATA["Verify if user able to see the output in console"]]>
              </value>
            </param>
            <param index="1">
              <value>
                <![CDATA["Tree"]]>
              </value>
            </param>
          </params>
          <reporter-output>
          </reporter-output>
        </test-method> <!-- runScenario -->
        <test-method signature="runScenario(io.cucumber.testng.PickleWrapper,io.cucumber.testng.FeatureWrapper)[pri:0, instance:testrunner.TestRunner@2254127a]" started-at="2024-08-22T17:40:30 IST" name="runScenario" description="Runs Cucumber Scenarios" data-provider="scenarios" finished-at="2024-08-22T17:41:46 IST" duration-ms="76091" status="PASS">
          <params>
            <param index="0">
              <value>
                <![CDATA["Verify if user able to see the output in console"]]>
              </value>
            </param>
            <param index="1">
              <value>
                <![CDATA["Tree"]]>
              </value>
            </param>
          </params>
          <reporter-output>
          </reporter-output>
        </test-method> <!-- runScenario -->
        <test-method signature="runScenario(io.cucumber.testng.PickleWrapper,io.cucumber.testng.FeatureWrapper)[pri:0, instance:testrunner.TestRunner@2254127a]" started-at="2024-08-22T17:40:34 IST" name="runScenario" description="Runs Cucumber Scenarios" data-provider="scenarios" finished-at="2024-08-22T17:41:46 IST" duration-ms="72174" status="PASS">
          <params>
            <param index="0">
              <value>
                <![CDATA["Verify if user able to see the output in console"]]>
              </value>
            </param>
            <param index="1">
              <value>
                <![CDATA["Tree"]]>
              </value>
            </param>
          </params>
          <reporter-output>
          </reporter-output>
        </test-method> <!-- runScenario -->
        <test-method signature="runScenario(io.cucumber.testng.PickleWrapper,io.cucumber.testng.FeatureWrapper)[pri:0, instance:testrunner.TestRunner@2254127a]" started-at="2024-08-22T17:40:46 IST" name="runScenario" description="Runs Cucumber Scenarios" data-provider="scenarios" finished-at="2024-08-22T17:42:06 IST" duration-ms="80374" status="PASS">
          <params>
            <param index="0">
              <value>
                <![CDATA["Verify if user able to see the output in console"]]>
              </value>
            </param>
            <param index="1">
              <value>
                <![CDATA["Tree"]]>
              </value>
            </param>
          </params>
          <reporter-output>
          </reporter-output>
        </test-method> <!-- runScenario -->
        <test-method signature="runScenario(io.cucumber.testng.PickleWrapper,io.cucumber.testng.FeatureWrapper)[pri:0, instance:testrunner.TestRunner@2254127a]" started-at="2024-08-22T17:40:46 IST" name="runScenario" description="Runs Cucumber Scenarios" data-provider="scenarios" finished-at="2024-08-22T17:41:46 IST" duration-ms="59701" status="PASS">
          <params>
            <param index="0">
              <value>
                <![CDATA["Verify if user able to "signout""]]>
              </value>
            </param>
            <param index="1">
              <value>
                <![CDATA["Signout"]]>
              </value>
            </param>
          </params>
          <reporter-output>
          </reporter-output>
        </test-method> <!-- runScenario -->
        <test-method is-config="true" signature="tearDownClass()[pri:0, instance:testrunner.TestRunner@2254127a]" started-at="2024-08-22T17:42:06 IST" name="tearDownClass" finished-at="2024-08-22T17:42:07 IST" duration-ms="1217" status="PASS">
          <reporter-output>
          </reporter-output>
        </test-method> <!-- tearDownClass -->
      </class> <!-- testrunner.TestRunner -->
    </test> <!-- DSAlgo Project Execution -->
  </suite> <!-- Suite -->
</testng-results>
